Log file open, 01/23/19 11:39:25
LogWindows: Failed to load 'aqProf.dll' (GetLastError=126)
LogWindows: File 'aqProf.dll' does not exist
LogWindows: Failed to load 'VtuneApi.dll' (GetLastError=126)
LogWindows: File 'VtuneApi.dll' does not exist
LogWindows: Failed to load 'VtuneApi32e.dll' (GetLastError=126)
LogWindows: File 'VtuneApi32e.dll' does not exist
LogConsoleResponse: Display: Failed to find resolution value strings in scalability ini. Falling back to default.
LogInit: Display: Running engine for game: QuickStart
LogPakFile: Registered encryption key '00000000000000000000000000000000': 0 pak files mounted, 0 remain pending
LogPlatformFile: Not using cached read wrapper
LogTaskGraph: Started task graph with 5 named threads and 11 total threads with 3 sets of task threads.
LogStats: Stats thread started at 5.796247
LogD3D11RHI: Loaded GFSDK_Aftermath_Lib.x64.dll
LogICUInternationalization: ICU TimeZone Detection - Raw Offset: +1:00, Platform Override: ''
LogPluginManager: Mounting plugin Paper2D
LogPluginManager: Mounting plugin AISupport
LogPluginManager: Mounting plugin LightPropagationVolume
LogPluginManager: Mounting plugin ActorLayerUtilities
LogPluginManager: Mounting plugin CLionSourceCodeAccess
LogPluginManager: Mounting plugin CodeLiteSourceCodeAccess
LogPluginManager: Mounting plugin GitSourceControl
LogPluginManager: Mounting plugin KDevelopSourceCodeAccess
LogPluginManager: Mounting plugin NullSourceCodeAccess
LogPluginManager: Mounting plugin PerforceSourceControl
LogPluginManager: Mounting plugin SubversionSourceControl
LogPluginManager: Mounting plugin UObjectPlugin
LogPluginManager: Mounting plugin VisualStudioCodeSourceCodeAccess
LogPluginManager: Mounting plugin VisualStudioSourceCodeAccess
LogPluginManager: Mounting plugin XCodeSourceCodeAccess
LogPluginManager: Mounting plugin AssetManagerEditor
LogPluginManager: Mounting plugin CryptoKeys
LogPluginManager: Mounting plugin DataValidation
LogPluginManager: Mounting plugin FacialAnimation
LogPluginManager: Mounting plugin GameplayTagsEditor
LogPluginManager: Mounting plugin MacGraphicsSwitching
LogPluginManager: Mounting plugin MeshEditor
LogPluginManager: Mounting plugin MobileLauncherProfileWizard
LogPluginManager: Mounting plugin PluginBrowser
LogPluginManager: Mounting plugin SpeedTreeImporter
LogPluginManager: Mounting plugin DatasmithContent
LogPluginManager: Mounting plugin VariantManagerContent
LogPluginManager: Mounting plugin AlembicImporter
LogPluginManager: Mounting plugin AppleImageUtils
LogPluginManager: Mounting plugin AppleVision
LogPluginManager: Mounting plugin BackChannel
LogPluginManager: Mounting plugin CharacterAI
LogPluginManager: Mounting plugin GeometryCache
LogPluginManager: Mounting plugin HTML5Networking
LogPluginManager: Mounting plugin ProxyLODPlugin
LogPluginManager: Mounting plugin MagicLeap
LogPluginManager: Mounting plugin MagicLeapMedia
LogPluginManager: Mounting plugin AndroidMedia
LogPluginManager: Mounting plugin AvfMedia
LogPluginManager: Mounting plugin ImgMedia
LogPluginManager: Mounting plugin LinearTimecode
LogPluginManager: Mounting plugin MediaCompositing
LogPluginManager: Mounting plugin MediaPlayerEditor
LogPluginManager: Mounting plugin WebMMedia
LogPluginManager: Mounting plugin WmfMedia
LogPluginManager: Mounting plugin TcpMessaging
LogPluginManager: Mounting plugin UdpMessaging
LogPluginManager: Mounting plugin ActorSequence
LogPluginManager: Mounting plugin LevelSequenceEditor
LogPluginManager: Mounting plugin MatineeToLevelSequence
LogPluginManager: Mounting plugin NetcodeUnitTest
LogPluginManager: Mounting plugin NUTUnrealEngine4
LogPluginManager: Mounting plugin OnlineSubsystemGooglePlay
LogPluginManager: Mounting plugin OnlineSubsystemIOS
LogPluginManager: Mounting plugin OnlineSubsystem
LogPluginManager: Mounting plugin OnlineSubsystemNull
LogPluginManager: Mounting plugin OnlineSubsystemUtils
LogPluginManager: Mounting plugin LauncherChunkInstaller
LogPluginManager: Mounting plugin AndroidDeviceProfileSelector
LogPluginManager: Mounting plugin AndroidMoviePlayer
LogPluginManager: Mounting plugin AndroidPermission
LogPluginManager: Mounting plugin AppleMoviePlayer
LogPluginManager: Mounting plugin ArchVisCharacter
LogPluginManager: Mounting plugin AudioCapture
LogPluginManager: Mounting plugin CableComponent
LogPluginManager: Mounting plugin CustomMeshComponent
LogPluginManager: Mounting plugin EditableMesh
LogPluginManager: Mounting plugin ExampleDeviceProfileSelector
LogPluginManager: Mounting plugin Firebase
LogPluginManager: Mounting plugin GoogleCloudMessaging
LogPluginManager: Mounting plugin IOSDeviceProfileSelector
LogPluginManager: Mounting plugin LinuxDeviceProfileSelector
LogPluginManager: Mounting plugin LocationServicesBPLibrary
LogPluginManager: Mounting plugin MobilePatchingUtils
LogPluginManager: Mounting plugin OculusVR
LogPluginManager: Mounting plugin PhysXVehicles
LogPluginManager: Mounting plugin ProceduralMeshComponent
LogPluginManager: Mounting plugin RuntimePhysXCooking
LogPluginManager: Mounting plugin SteamVR
LogPluginManager: Mounting plugin WebMMoviePlayer
LogPluginManager: Mounting plugin WindowsMoviePlayer
LogStreaming: Display: Took  1.091s to configure plugins.
LogInit: Using libcurl 7.55.1-DEV
LogInit:  - built for x86_64-pc-win32
LogInit:  - supports SSL with OpenSSL/1.0.2h
LogInit:  - supports HTTP deflate (compression) using libz 1.2.8
LogInit:  - other features:
LogInit:      CURL_VERSION_SSL
LogInit:      CURL_VERSION_LIBZ
LogInit:      CURL_VERSION_IPV6
LogInit:      CURL_VERSION_ASYNCHDNS
LogInit:      CURL_VERSION_LARGEFILE
LogInit:      CURL_VERSION_IDN
LogInit:  CurlRequestOptions (configurable via config and command line):
LogInit:  - bVerifyPeer = true  - Libcurl will verify peer certificate
LogInit:  - bUseHttpProxy = false  - Libcurl will NOT use HTTP proxy
LogInit:  - bDontReuseConnections = false  - Libcurl will reuse connections
LogInit:  - MaxHostConnections = 16  - Libcurl will limit the number of connections to a host
LogInit:  - LocalHostAddr = Default
LogInit:  - BufferSize = 65536
LogInit: WinSock: version 1.1 (2.2), MaxSocks=32767, MaxUdp=65467
LogInit: Build: ++UE4+Release-4.21-CL-4613538
LogInit: Engine Version: 4.21.1-4613538+++UE4+Release-4.21
LogInit: Compatible Engine Version: 4.21.0-4541578+++UE4+Release-4.21
LogInit: Net CL: 4541578
LogInit: OS: Windows 10 (), CPU: Intel(R) Core(TM) i5-4300U CPU @ 1.90GHz, GPU: Intel(R) HD Graphics Family
LogInit: Compiled (64-bit): Nov 30 2018 04:13:25
LogInit: Compiled with Visual C++: 19.13.26129.00
LogInit: Build Configuration: Development
LogInit: Branch Name: ++UE4+Release-4.21
LogInit: Command Line: 
LogInit: Base Directory: C:/Program Files/Epic Games/UE_4.21/Engine/Binaries/Win64/
LogInit: Installed Engine Build: 1
LogDevObjectVersion: Number of dev versions registered: 22
LogDevObjectVersion:   Dev-Blueprints (B0D832E4-1F89-4F0D-ACCF-7EB736FD4AA2): 10
LogDevObjectVersion:   Dev-Build (E1C64328-A22C-4D53-A36C-8E866417BD8C): 0
LogDevObjectVersion:   Dev-Core (375EC13C-06E4-48FB-B500-84F0262A717E): 2
LogDevObjectVersion:   Dev-Editor (E4B068ED-F494-42E9-A231-DA0B2E46BB41): 26
LogDevObjectVersion:   Dev-Framework (CFFC743F-43B0-4480-9391-14DF171D2073): 34
LogDevObjectVersion:   Dev-Mobile (B02B49B5-BB20-44E9-A304-32B752E40360): 2
LogDevObjectVersion:   Dev-Networking (A4E4105C-59A1-49B5-A7C5-40C4547EDFEE): 0
LogDevObjectVersion:   Dev-Online (39C831C9-5AE6-47DC-9A44-9C173E1C8E7C): 0
LogDevObjectVersion:   Dev-Physics (78F01B33-EBEA-4F98-B9B4-84EACCB95AA2): 0
LogDevObjectVersion:   Dev-Platform (6631380F-2D4D-43E0-8009-CF276956A95A): 0
LogDevObjectVersion:   Dev-Rendering (12F88B9F-8875-4AFC-A67C-D90C383ABD29): 27
LogDevObjectVersion:   Dev-Sequencer (7B5AE74C-D270-4C10-A958-57980B212A5A): 9
LogDevObjectVersion:   Dev-VR (D7296918-1DD6-4BDD-9DE2-64A83CC13884): 2
LogDevObjectVersion:   Dev-LoadTimes (C2A15278-BFE7-4AFE-6C17-90FF531DF755): 1
LogDevObjectVersion:   Private-Geometry (6EACA3D4-40EC-4CC1-B786-8BED09428FC5): 3
LogDevObjectVersion:   Dev-AnimPhys (29E575DD-E0A3-4627-9D10-D276232CDCEA): 17
LogDevObjectVersion:   Dev-Anim (AF43A65D-7FD3-4947-9873-3E8ED9C1BB05): 2
LogDevObjectVersion:   Dev-ReflectionCapture (6B266CEC-1EC7-4B8F-A30B-E4D90942FC07): 1
LogDevObjectVersion:   Dev-Automation (0DF73D61-A23F-47EA-B727-89E90C41499A): 1
LogDevObjectVersion:   FortniteMain (601D1886-AC64-4F84-AA16-D3DE0DEAC7D6): 17
LogDevObjectVersion:   Dev-Enterprise (9DFFBCD6-494F-0158-E221-12823C92A888): 4
LogDevObjectVersion:   Dev-Niagara (F2AED0AC-9AFE-416F-8664-AA7FFA26D6FC): 1
LogStreaming: Display: Took  0.041s to delete old logs.
LogInit: Presizing for max 8388607 objects, including 0 objects not considered by GC, pre-allocating 0 bytes for permanent pool.
LogInit: Object subsystem initialized
LogConfig: Setting CVar [[con.DebugEarlyDefault:1]]
LogConfig: Setting CVar [[r.setres:1280x720]]
[2019.01.23-10.39.31:207][  0]LogConfig: Setting CVar [[r.VSync:0]]
[2019.01.23-10.39.31:209][  0]LogConfig: Setting CVar [[r.RHICmdBypass:0]]
[2019.01.23-10.39.31:209][  0]LogConfig: Applying CVar settings from Section [/Script/Engine.RendererSettings] File [C:/Users/Andrea/Desktop/ENSC/Unreal Engine/unreal-engine-programming-quick-start/QuickStart/Saved/Config/Windows/Engine.ini]
[2019.01.23-10.39.31:210][  0]LogConfig: Setting CVar [[r.GPUCrashDebugging:0]]
[2019.01.23-10.39.31:210][  0]LogConfig: Applying CVar settings from Section [/Script/Engine.RendererOverrideSettings] File [C:/Users/Andrea/Desktop/ENSC/Unreal Engine/unreal-engine-programming-quick-start/QuickStart/Saved/Config/Windows/Engine.ini]
[2019.01.23-10.39.31:210][  0]LogConfig: Applying CVar settings from Section [/Script/Engine.StreamingSettings] File [C:/Users/Andrea/Desktop/ENSC/Unreal Engine/unreal-engine-programming-quick-start/QuickStart/Saved/Config/Windows/Engine.ini]
[2019.01.23-10.39.31:211][  0]LogConfig: Setting CVar [[s.MinBulkDataSizeForAsyncLoading:131072]]
[2019.01.23-10.39.31:211][  0]LogConfig: Setting CVar [[s.AsyncLoadingThreadEnabled:0]]
[2019.01.23-10.39.31:211][  0]LogConfig: Setting CVar [[s.EventDrivenLoaderEnabled:1]]
[2019.01.23-10.39.31:211][  0]LogConfig: Setting CVar [[s.WarnIfTimeLimitExceeded:0]]
[2019.01.23-10.39.31:211][  0]LogConfig: Setting CVar [[s.TimeLimitExceededMultiplier:1.5]]
[2019.01.23-10.39.31:211][  0]LogConfig: Setting CVar [[s.TimeLimitExceededMinTime:0.005]]
[2019.01.23-10.39.31:211][  0]LogConfig: Setting CVar [[s.UseBackgroundLevelStreaming:1]]
[2019.01.23-10.39.31:211][  0]LogConfig: Setting CVar [[s.PriorityAsyncLoadingExtraTime:15.0]]
[2019.01.23-10.39.31:211][  0]LogConfig: Setting CVar [[s.LevelStreamingActorsUpdateTimeLimit:5.0]]
[2019.01.23-10.39.31:211][  0]LogConfig: Setting CVar [[s.PriorityLevelStreamingActorsUpdateExtraTime:5.0]]
[2019.01.23-10.39.31:212][  0]LogConfig: Setting CVar [[s.LevelStreamingComponentsRegistrationGranularity:10]]
[2019.01.23-10.39.31:212][  0]LogConfig: Setting CVar [[s.UnregisterComponentsTimeLimit:1.0]]
[2019.01.23-10.39.31:212][  0]LogConfig: Setting CVar [[s.LevelStreamingComponentsUnregistrationGranularity:5]]
[2019.01.23-10.39.31:212][  0]LogConfig: Applying CVar settings from Section [/Script/Engine.GarbageCollectionSettings] File [C:/Users/Andrea/Desktop/ENSC/Unreal Engine/unreal-engine-programming-quick-start/QuickStart/Saved/Config/Windows/Engine.ini]
[2019.01.23-10.39.31:212][  0]LogConfig: Setting CVar [[gc.MaxObjectsNotConsideredByGC:1]]
[2019.01.23-10.39.31:212][  0]LogConfig: Setting CVar [[gc.SizeOfPermanentObjectPool:0]]
[2019.01.23-10.39.31:212][  0]LogConfig: Setting CVar [[gc.FlushStreamingOnGC:0]]
[2019.01.23-10.39.31:212][  0]LogConfig: Setting CVar [[gc.NumRetriesBeforeForcingGC:10]]
[2019.01.23-10.39.31:212][  0]LogConfig: Setting CVar [[gc.AllowParallelGC:1]]
[2019.01.23-10.39.31:213][  0]LogConfig: Setting CVar [[gc.TimeBetweenPurgingPendingKillObjects:61.1]]
[2019.01.23-10.39.31:213][  0]LogConfig: Setting CVar [[gc.MaxObjectsInEditor:8388607]]
[2019.01.23-10.39.31:213][  0]LogConfig: Setting CVar [[gc.IncrementalBeginDestroyEnabled:1]]
[2019.01.23-10.39.31:213][  0]LogConfig: Setting CVar [[gc.CreateGCClusters:1]]
[2019.01.23-10.39.31:213][  0]LogConfig: Setting CVar [[gc.MergeGCClusters:0]]
[2019.01.23-10.39.31:213][  0]LogConfig: Setting CVar [[gc.MinGCClusterSize:5]]
[2019.01.23-10.39.31:213][  0]LogConfig: Setting CVar [[gc.ActorClusteringEnabled:0]]
[2019.01.23-10.39.31:214][  0]LogConfig: Setting CVar [[gc.BlueprintClusteringEnabled:0]]
[2019.01.23-10.39.31:214][  0]LogConfig: Setting CVar [[gc.UseDisregardForGCOnDedicatedServers:0]]
[2019.01.23-10.39.31:214][  0]LogConfig: Applying CVar settings from Section [/Script/Engine.NetworkSettings] File [C:/Users/Andrea/Desktop/ENSC/Unreal Engine/unreal-engine-programming-quick-start/QuickStart/Saved/Config/Windows/Engine.ini]
[2019.01.23-10.39.31:214][  0]LogConfig: Applying CVar settings from Section [/Script/UnrealEd.CookerSettings] File [C:/Users/Andrea/Desktop/ENSC/Unreal Engine/unreal-engine-programming-quick-start/QuickStart/Saved/Config/Windows/Engine.ini]
[2019.01.23-10.39.31:236][  0]LogConfig: Applying CVar settings from Section [ViewDistanceQuality@3] File [C:/Users/Andrea/Desktop/ENSC/Unreal Engine/unreal-engine-programming-quick-start/QuickStart/Saved/Config/Windows/Scalability.ini]
[2019.01.23-10.39.31:237][  0]LogConfig: Setting CVar [[r.SkeletalMeshLODBias:0]]
[2019.01.23-10.39.31:237][  0]LogConfig: Setting CVar [[r.ViewDistanceScale:1.0]]
[2019.01.23-10.39.31:237][  0]LogConfig: Applying CVar settings from Section [AntiAliasingQuality@3] File [C:/Users/Andrea/Desktop/ENSC/Unreal Engine/unreal-engine-programming-quick-start/QuickStart/Saved/Config/Windows/Scalability.ini]
[2019.01.23-10.39.31:237][  0]LogConfig: Setting CVar [[r.PostProcessAAQuality:4]]
[2019.01.23-10.39.31:237][  0]LogConfig: Applying CVar settings from Section [ShadowQuality@3] File [C:/Users/Andrea/Desktop/ENSC/Unreal Engine/unreal-engine-programming-quick-start/QuickStart/Saved/Config/Windows/Scalability.ini]
[2019.01.23-10.39.31:238][  0]LogConfig: Setting CVar [[r.LightFunctionQuality:1]]
[2019.01.23-10.39.31:238][  0]LogConfig: Setting CVar [[r.ShadowQuality:5]]
[2019.01.23-10.39.31:238][  0]LogConfig: Setting CVar [[r.Shadow.CSM.MaxCascades:10]]
[2019.01.23-10.39.31:238][  0]LogConfig: Setting CVar [[r.Shadow.MaxResolution:2048]]
[2019.01.23-10.39.31:238][  0]LogConfig: Setting CVar [[r.Shadow.MaxCSMResolution:2048]]
[2019.01.23-10.39.31:239][  0]LogConfig: Setting CVar [[r.Shadow.RadiusThreshold:0.01]]
[2019.01.23-10.39.31:239][  0]LogConfig: Setting CVar [[r.Shadow.DistanceScale:1.0]]
[2019.01.23-10.39.31:239][  0]LogConfig: Setting CVar [[r.Shadow.CSM.TransitionScale:1.0]]
[2019.01.23-10.39.31:240][  0]LogConfig: Setting CVar [[r.Shadow.PreShadowResolutionFactor:1.0]]
[2019.01.23-10.39.31:240][  0]LogConfig: Setting CVar [[r.DistanceFieldShadowing:1]]
[2019.01.23-10.39.31:240][  0]LogConfig: Setting CVar [[r.DistanceFieldAO:1]]
[2019.01.23-10.39.31:241][  0]LogConfig: Setting CVar [[r.AOQuality:2]]
[2019.01.23-10.39.31:241][  0]LogConfig: Setting CVar [[r.VolumetricFog:1]]
[2019.01.23-10.39.31:241][  0]LogConfig: Setting CVar [[r.VolumetricFog.GridPixelSize:8]]
[2019.01.23-10.39.31:241][  0]LogConfig: Setting CVar [[r.VolumetricFog.GridSizeZ:128]]
[2019.01.23-10.39.31:241][  0]LogConfig: Setting CVar [[r.VolumetricFog.HistoryMissSupersampleCount:4]]
[2019.01.23-10.39.31:241][  0]LogConfig: Setting CVar [[r.LightMaxDrawDistanceScale:1]]
[2019.01.23-10.39.31:243][  0]LogConfig: Setting CVar [[r.CapsuleShadows:1]]
[2019.01.23-10.39.31:243][  0]LogConfig: Applying CVar settings from Section [PostProcessQuality@3] File [C:/Users/Andrea/Desktop/ENSC/Unreal Engine/unreal-engine-programming-quick-start/QuickStart/Saved/Config/Windows/Scalability.ini]
[2019.01.23-10.39.31:243][  0]LogConfig: Setting CVar [[r.MotionBlurQuality:4]]
[2019.01.23-10.39.31:243][  0]LogConfig: Setting CVar [[r.AmbientOcclusionMipLevelFactor:0.4]]
[2019.01.23-10.39.31:244][  0]LogConfig: Setting CVar [[r.AmbientOcclusionMaxQuality:100]]
[2019.01.23-10.39.31:244][  0]LogConfig: Setting CVar [[r.AmbientOcclusionLevels:-1]]
[2019.01.23-10.39.31:244][  0]LogConfig: Setting CVar [[r.AmbientOcclusionRadiusScale:1.0]]
[2019.01.23-10.39.31:244][  0]LogConfig: Setting CVar [[r.DepthOfFieldQuality:2]]
[2019.01.23-10.39.31:244][  0]LogConfig: Setting CVar [[r.RenderTargetPoolMin:400]]
[2019.01.23-10.39.31:244][  0]LogConfig: Setting CVar [[r.LensFlareQuality:2]]
[2019.01.23-10.39.31:245][  0]LogConfig: Setting CVar [[r.SceneColorFringeQuality:1]]
[2019.01.23-10.39.31:245][  0]LogConfig: Setting CVar [[r.EyeAdaptationQuality:2]]
[2019.01.23-10.39.31:245][  0]LogConfig: Setting CVar [[r.BloomQuality:5]]
[2019.01.23-10.39.31:245][  0]LogConfig: Setting CVar [[r.FastBlurThreshold:100]]
[2019.01.23-10.39.31:245][  0]LogConfig: Setting CVar [[r.Upscale.Quality:3]]
[2019.01.23-10.39.31:245][  0]LogConfig: Setting CVar [[r.Tonemapper.GrainQuantization:1]]
[2019.01.23-10.39.31:245][  0]LogConfig: Setting CVar [[r.LightShaftQuality:1]]
[2019.01.23-10.39.31:245][  0]LogConfig: Setting CVar [[r.Filter.SizeScale:1]]
[2019.01.23-10.39.31:245][  0]LogConfig: Setting CVar [[r.Tonemapper.Quality:5]]
[2019.01.23-10.39.31:245][  0]LogConfig: Setting CVar [[r.DOF.Gather.AccumulatorQuality:1        ; higher gathering accumulator quality]]
[2019.01.23-10.39.31:246][  0]LogConfig: Setting CVar [[r.DOF.Gather.PostfilterMethod:1          ; Median3x3 postfilering method]]
[2019.01.23-10.39.31:246][  0]LogConfig: Setting CVar [[r.DOF.Gather.EnableBokehSettings:0       ; no bokeh simulation when gathering]]
[2019.01.23-10.39.31:246][  0]LogConfig: Setting CVar [[r.DOF.Gather.RingCount:4                 ; medium number of samples when gathering]]
[2019.01.23-10.39.31:246][  0]LogConfig: Setting CVar [[r.DOF.Scatter.ForegroundCompositing:1    ; additive foreground scattering]]
[2019.01.23-10.39.31:246][  0]LogConfig: Setting CVar [[r.DOF.Scatter.BackgroundCompositing:2    ; additive background scattering]]
[2019.01.23-10.39.31:246][  0]LogConfig: Setting CVar [[r.DOF.Scatter.EnableBokehSettings:1      ; bokeh simulation when scattering]]
[2019.01.23-10.39.31:246][  0]LogConfig: Setting CVar [[r.DOF.Scatter.MaxSpriteRatio:0.1         ; only a maximum of 10% of scattered bokeh]]
[2019.01.23-10.39.31:247][  0]LogConfig: Setting CVar [[r.DOF.Recombine.Quality:1                ; cheap slight out of focus]]
[2019.01.23-10.39.31:247][  0]LogConfig: Setting CVar [[r.DOF.Recombine.EnableBokehSettings:0    ; no bokeh simulation on slight out of focus]]
[2019.01.23-10.39.31:247][  0]LogConfig: Setting CVar [[r.DOF.TemporalAAQuality:1                ; more stable temporal accumulation]]
[2019.01.23-10.39.31:247][  0]LogConfig: Setting CVar [[r.DOF.Kernel.MaxForegroundRadius:0.025]]
[2019.01.23-10.39.31:247][  0]LogConfig: Setting CVar [[r.DOF.Kernel.MaxBackgroundRadius:0.025]]
[2019.01.23-10.39.31:247][  0]LogConfig: Applying CVar settings from Section [TextureQuality@3] File [C:/Users/Andrea/Desktop/ENSC/Unreal Engine/unreal-engine-programming-quick-start/QuickStart/Saved/Config/Windows/Scalability.ini]
[2019.01.23-10.39.31:247][  0]LogConfig: Setting CVar [[r.Streaming.MipBias:0]]
[2019.01.23-10.39.31:247][  0]LogConfig: Setting CVar [[r.Streaming.AmortizeCPUToGPUCopy:0]]
[2019.01.23-10.39.31:248][  0]LogConfig: Setting CVar [[r.Streaming.MaxNumTexturesToStreamPerFrame:0]]
[2019.01.23-10.39.31:248][  0]LogConfig: Setting CVar [[r.Streaming.Boost:1]]
[2019.01.23-10.39.31:248][  0]LogConfig: Setting CVar [[r.MaxAnisotropy:8]]
[2019.01.23-10.39.31:248][  0]LogConfig: Setting CVar [[r.Streaming.LimitPoolSizeToVRAM:0]]
[2019.01.23-10.39.31:248][  0]LogConfig: Setting CVar [[r.Streaming.PoolSize:1000]]
[2019.01.23-10.39.31:249][  0]LogConfig: Setting CVar [[r.Streaming.MaxEffectiveScreenSize:0]]
[2019.01.23-10.39.31:249][  0]LogConfig: Applying CVar settings from Section [EffectsQuality@3] File [C:/Users/Andrea/Desktop/ENSC/Unreal Engine/unreal-engine-programming-quick-start/QuickStart/Saved/Config/Windows/Scalability.ini]
[2019.01.23-10.39.31:249][  0]LogConfig: Setting CVar [[r.TranslucencyLightingVolumeDim:64]]
[2019.01.23-10.39.31:249][  0]LogConfig: Setting CVar [[r.RefractionQuality:2]]
[2019.01.23-10.39.31:249][  0]LogConfig: Setting CVar [[r.SSR.Quality:3]]
[2019.01.23-10.39.31:249][  0]LogConfig: Setting CVar [[r.SceneColorFormat:4]]
[2019.01.23-10.39.31:249][  0]LogConfig: Setting CVar [[r.DetailMode:2]]
[2019.01.23-10.39.31:249][  0]LogConfig: Setting CVar [[r.TranslucencyVolumeBlur:1]]
[2019.01.23-10.39.31:250][  0]LogConfig: Setting CVar [[r.MaterialQualityLevel:1 ; High quality]]
[2019.01.23-10.39.31:250][  0]LogConfig: Setting CVar [[r.SSS.Scale:1]]
[2019.01.23-10.39.31:250][  0]LogConfig: Setting CVar [[r.SSS.SampleSet:2]]
[2019.01.23-10.39.31:250][  0]LogConfig: Setting CVar [[r.SSS.Quality:1]]
[2019.01.23-10.39.31:250][  0]LogConfig: Setting CVar [[r.SSS.HalfRes:1]]
[2019.01.23-10.39.31:250][  0]LogConfig: Setting CVar [[r.EmitterSpawnRateScale:1.0]]
[2019.01.23-10.39.31:250][  0]LogConfig: Setting CVar [[r.ParticleLightQuality:2]]
[2019.01.23-10.39.31:251][  0]LogConfig: Applying CVar settings from Section [FoliageQuality@3] File [C:/Users/Andrea/Desktop/ENSC/Unreal Engine/unreal-engine-programming-quick-start/QuickStart/Saved/Config/Windows/Scalability.ini]
[2019.01.23-10.39.31:251][  0]LogConfig: Setting CVar [[foliage.DensityScale:1.0]]
[2019.01.23-10.39.31:251][  0]LogConfig: Setting CVar [[grass.DensityScale:1.0]]
[2019.01.23-10.39.31:254][  0]LogInit: Selected Device Profile: [Windows]
[2019.01.23-10.39.31:255][  0]LogInit: Applying CVar settings loaded from the selected device profile: [Windows]
[2019.01.23-10.39.31:357][  0]LogHAL: Display: Platform has ~ 4 GB [4195418112 / 4294967296 / 4], which maps to Smallest [LargestMinGB=32, LargerMinGB=12, DefaultMinGB=8, SmallerMinGB=6, SmallestMinGB=0)
[2019.01.23-10.39.31:359][  0]LogConfig: Setting CVar [[r.Vulkan.UseRealUBs:1]]
[2019.01.23-10.39.31:359][  0]LogInit: Going up to parent DeviceProfile []
[2019.01.23-10.39.31:360][  0]LogConfig: Applying CVar settings from Section [ViewDistanceQuality@3] File [C:/Users/Andrea/Desktop/ENSC/Unreal Engine/unreal-engine-programming-quick-start/QuickStart/Saved/Config/Windows/Scalability.ini]
[2019.01.23-10.39.31:361][  0]LogConfig: Setting CVar [[r.SkeletalMeshLODBias:0]]
[2019.01.23-10.39.31:361][  0]LogConfig: Setting CVar [[r.ViewDistanceScale:1.0]]
[2019.01.23-10.39.31:361][  0]LogConfig: Applying CVar settings from Section [AntiAliasingQuality@3] File [C:/Users/Andrea/Desktop/ENSC/Unreal Engine/unreal-engine-programming-quick-start/QuickStart/Saved/Config/Windows/Scalability.ini]
[2019.01.23-10.39.31:361][  0]LogConfig: Setting CVar [[r.PostProcessAAQuality:4]]
[2019.01.23-10.39.31:361][  0]LogConfig: Applying CVar settings from Section [ShadowQuality@3] File [C:/Users/Andrea/Desktop/ENSC/Unreal Engine/unreal-engine-programming-quick-start/QuickStart/Saved/Config/Windows/Scalability.ini]
[2019.01.23-10.39.31:361][  0]LogConfig: Setting CVar [[r.LightFunctionQuality:1]]
[2019.01.23-10.39.31:361][  0]LogConfig: Setting CVar [[r.ShadowQuality:5]]
[2019.01.23-10.39.31:362][  0]LogConfig: Setting CVar [[r.Shadow.CSM.MaxCascades:10]]
[2019.01.23-10.39.31:362][  0]LogConfig: Setting CVar [[r.Shadow.MaxResolution:2048]]
[2019.01.23-10.39.31:362][  0]LogConfig: Setting CVar [[r.Shadow.MaxCSMResolution:2048]]
[2019.01.23-10.39.31:362][  0]LogConfig: Setting CVar [[r.Shadow.RadiusThreshold:0.01]]
[2019.01.23-10.39.31:362][  0]LogConfig: Setting CVar [[r.Shadow.DistanceScale:1.0]]
[2019.01.23-10.39.31:362][  0]LogConfig: Setting CVar [[r.Shadow.CSM.TransitionScale:1.0]]
[2019.01.23-10.39.31:362][  0]LogConfig: Setting CVar [[r.Shadow.PreShadowResolutionFactor:1.0]]
[2019.01.23-10.39.31:362][  0]LogConfig: Setting CVar [[r.DistanceFieldShadowing:1]]
[2019.01.23-10.39.31:363][  0]LogConfig: Setting CVar [[r.DistanceFieldAO:1]]
[2019.01.23-10.39.31:363][  0]LogConfig: Setting CVar [[r.AOQuality:2]]
[2019.01.23-10.39.31:363][  0]LogConfig: Setting CVar [[r.VolumetricFog:1]]
[2019.01.23-10.39.31:363][  0]LogConfig: Setting CVar [[r.VolumetricFog.GridPixelSize:8]]
[2019.01.23-10.39.31:363][  0]LogConfig: Setting CVar [[r.VolumetricFog.GridSizeZ:128]]
[2019.01.23-10.39.31:363][  0]LogConfig: Setting CVar [[r.VolumetricFog.HistoryMissSupersampleCount:4]]
[2019.01.23-10.39.31:364][  0]LogConfig: Setting CVar [[r.LightMaxDrawDistanceScale:1]]
[2019.01.23-10.39.31:364][  0]LogConfig: Setting CVar [[r.CapsuleShadows:1]]
[2019.01.23-10.39.31:364][  0]LogConfig: Applying CVar settings from Section [PostProcessQuality@3] File [C:/Users/Andrea/Desktop/ENSC/Unreal Engine/unreal-engine-programming-quick-start/QuickStart/Saved/Config/Windows/Scalability.ini]
[2019.01.23-10.39.31:364][  0]LogConfig: Setting CVar [[r.MotionBlurQuality:4]]
[2019.01.23-10.39.31:364][  0]LogConfig: Setting CVar [[r.AmbientOcclusionMipLevelFactor:0.4]]
[2019.01.23-10.39.31:364][  0]LogConfig: Setting CVar [[r.AmbientOcclusionMaxQuality:100]]
[2019.01.23-10.39.31:365][  0]LogConfig: Setting CVar [[r.AmbientOcclusionLevels:-1]]
[2019.01.23-10.39.31:365][  0]LogConfig: Setting CVar [[r.AmbientOcclusionRadiusScale:1.0]]
[2019.01.23-10.39.31:365][  0]LogConfig: Setting CVar [[r.DepthOfFieldQuality:2]]
[2019.01.23-10.39.31:366][  0]LogConfig: Setting CVar [[r.RenderTargetPoolMin:400]]
[2019.01.23-10.39.31:366][  0]LogConfig: Setting CVar [[r.LensFlareQuality:2]]
[2019.01.23-10.39.31:366][  0]LogConfig: Setting CVar [[r.SceneColorFringeQuality:1]]
[2019.01.23-10.39.31:366][  0]LogConfig: Setting CVar [[r.EyeAdaptationQuality:2]]
[2019.01.23-10.39.31:366][  0]LogConfig: Setting CVar [[r.BloomQuality:5]]
[2019.01.23-10.39.31:366][  0]LogConfig: Setting CVar [[r.FastBlurThreshold:100]]
[2019.01.23-10.39.31:366][  0]LogConfig: Setting CVar [[r.Upscale.Quality:3]]
[2019.01.23-10.39.31:366][  0]LogConfig: Setting CVar [[r.Tonemapper.GrainQuantization:1]]
[2019.01.23-10.39.31:366][  0]LogConfig: Setting CVar [[r.LightShaftQuality:1]]
[2019.01.23-10.39.31:366][  0]LogConfig: Setting CVar [[r.Filter.SizeScale:1]]
[2019.01.23-10.39.31:366][  0]LogConfig: Setting CVar [[r.Tonemapper.Quality:5]]
[2019.01.23-10.39.31:367][  0]LogConfig: Setting CVar [[r.DOF.Gather.AccumulatorQuality:1        ; higher gathering accumulator quality]]
[2019.01.23-10.39.31:367][  0]LogConfig: Setting CVar [[r.DOF.Gather.PostfilterMethod:1          ; Median3x3 postfilering method]]
[2019.01.23-10.39.31:367][  0]LogConfig: Setting CVar [[r.DOF.Gather.EnableBokehSettings:0       ; no bokeh simulation when gathering]]
[2019.01.23-10.39.31:367][  0]LogConfig: Setting CVar [[r.DOF.Gather.RingCount:4                 ; medium number of samples when gathering]]
[2019.01.23-10.39.31:367][  0]LogConfig: Setting CVar [[r.DOF.Scatter.ForegroundCompositing:1    ; additive foreground scattering]]
[2019.01.23-10.39.31:367][  0]LogConfig: Setting CVar [[r.DOF.Scatter.BackgroundCompositing:2    ; additive background scattering]]
[2019.01.23-10.39.31:367][  0]LogConfig: Setting CVar [[r.DOF.Scatter.EnableBokehSettings:1      ; bokeh simulation when scattering]]
[2019.01.23-10.39.31:367][  0]LogConfig: Setting CVar [[r.DOF.Scatter.MaxSpriteRatio:0.1         ; only a maximum of 10% of scattered bokeh]]
[2019.01.23-10.39.31:367][  0]LogConfig: Setting CVar [[r.DOF.Recombine.Quality:1                ; cheap slight out of focus]]
[2019.01.23-10.39.31:368][  0]LogConfig: Setting CVar [[r.DOF.Recombine.EnableBokehSettings:0    ; no bokeh simulation on slight out of focus]]
[2019.01.23-10.39.31:368][  0]LogConfig: Setting CVar [[r.DOF.TemporalAAQuality:1                ; more stable temporal accumulation]]
[2019.01.23-10.39.31:368][  0]LogConfig: Setting CVar [[r.DOF.Kernel.MaxForegroundRadius:0.025]]
[2019.01.23-10.39.31:368][  0]LogConfig: Setting CVar [[r.DOF.Kernel.MaxBackgroundRadius:0.025]]
[2019.01.23-10.39.31:368][  0]LogConfig: Applying CVar settings from Section [TextureQuality@3] File [C:/Users/Andrea/Desktop/ENSC/Unreal Engine/unreal-engine-programming-quick-start/QuickStart/Saved/Config/Windows/Scalability.ini]
[2019.01.23-10.39.31:368][  0]LogConfig: Setting CVar [[r.Streaming.MipBias:0]]
[2019.01.23-10.39.31:368][  0]LogConfig: Setting CVar [[r.Streaming.AmortizeCPUToGPUCopy:0]]
[2019.01.23-10.39.31:368][  0]LogConfig: Setting CVar [[r.Streaming.MaxNumTexturesToStreamPerFrame:0]]
[2019.01.23-10.39.31:368][  0]LogConfig: Setting CVar [[r.Streaming.Boost:1]]
[2019.01.23-10.39.31:369][  0]LogConfig: Setting CVar [[r.MaxAnisotropy:8]]
[2019.01.23-10.39.31:369][  0]LogConfig: Setting CVar [[r.Streaming.LimitPoolSizeToVRAM:0]]
[2019.01.23-10.39.31:369][  0]LogConfig: Setting CVar [[r.Streaming.PoolSize:1000]]
[2019.01.23-10.39.31:369][  0]LogConfig: Setting CVar [[r.Streaming.MaxEffectiveScreenSize:0]]
[2019.01.23-10.39.31:369][  0]LogConfig: Applying CVar settings from Section [EffectsQuality@3] File [C:/Users/Andrea/Desktop/ENSC/Unreal Engine/unreal-engine-programming-quick-start/QuickStart/Saved/Config/Windows/Scalability.ini]
[2019.01.23-10.39.31:369][  0]LogConfig: Setting CVar [[r.TranslucencyLightingVolumeDim:64]]
[2019.01.23-10.39.31:369][  0]LogConfig: Setting CVar [[r.RefractionQuality:2]]
[2019.01.23-10.39.31:369][  0]LogConfig: Setting CVar [[r.SSR.Quality:3]]
[2019.01.23-10.39.31:369][  0]LogConfig: Setting CVar [[r.SceneColorFormat:4]]
[2019.01.23-10.39.31:369][  0]LogConfig: Setting CVar [[r.DetailMode:2]]
[2019.01.23-10.39.31:369][  0]LogConfig: Setting CVar [[r.TranslucencyVolumeBlur:1]]
[2019.01.23-10.39.31:370][  0]LogConfig: Setting CVar [[r.MaterialQualityLevel:1 ; High quality]]
[2019.01.23-10.39.31:370][  0]LogConfig: Setting CVar [[r.SSS.Scale:1]]
[2019.01.23-10.39.31:370][  0]LogConfig: Setting CVar [[r.SSS.SampleSet:2]]
[2019.01.23-10.39.31:370][  0]LogConfig: Setting CVar [[r.SSS.Quality:1]]
[2019.01.23-10.39.31:370][  0]LogConfig: Setting CVar [[r.SSS.HalfRes:1]]
[2019.01.23-10.39.31:370][  0]LogConfig: Setting CVar [[r.EmitterSpawnRateScale:1.0]]
[2019.01.23-10.39.31:370][  0]LogConfig: Setting CVar [[r.ParticleLightQuality:2]]
[2019.01.23-10.39.31:370][  0]LogConfig: Applying CVar settings from Section [FoliageQuality@3] File [C:/Users/Andrea/Desktop/ENSC/Unreal Engine/unreal-engine-programming-quick-start/QuickStart/Saved/Config/Windows/Scalability.ini]
[2019.01.23-10.39.31:370][  0]LogConfig: Setting CVar [[foliage.DensityScale:1.0]]
[2019.01.23-10.39.31:370][  0]LogConfig: Setting CVar [[grass.DensityScale:1.0]]
[2019.01.23-10.39.31:371][  0]LogConfig: Applying CVar settings from Section [Startup] File [../../../Engine/Config/ConsoleVariables.ini]
[2019.01.23-10.39.31:376][  0]LogConfig: Setting CVar [[net.UseAdaptiveNetUpdateFrequency:0]]
[2019.01.23-10.39.31:376][  0]LogConfig: Applying CVar settings from Section [ConsoleVariables] File [C:/Users/Andrea/Desktop/ENSC/Unreal Engine/unreal-engine-programming-quick-start/QuickStart/Saved/Config/Windows/Engine.ini]
[2019.01.23-10.39.31:379][  0]LogInit: Computer: SURFACE-DEDERS
[2019.01.23-10.39.31:379][  0]LogInit: User: Andrea
[2019.01.23-10.39.31:379][  0]LogInit: CPU Page size=4096, Cores=2
[2019.01.23-10.39.31:379][  0]LogInit: High frequency timer resolution =2.435770 MHz
[2019.01.23-10.39.31:383][  0]LogMemory: Memory total: Physical=3.9GB (4GB approx)
[2019.01.23-10.39.31:383][  0]LogMemory: Platform Memory Stats for Windows
[2019.01.23-10.39.31:384][  0]LogMemory: Process Physical Memory: 101.49 MB used, 101.49 MB peak
[2019.01.23-10.39.31:384][  0]LogMemory: Process Virtual Memory: 90.70 MB used, 90.70 MB peak
[2019.01.23-10.39.31:384][  0]LogMemory: Physical Memory: 3722.87 MB used,  278.19 MB free, 4001.06 MB total
[2019.01.23-10.39.31:384][  0]LogMemory: Virtual Memory: 4620.56 MB used,  134213104.00 MB free, 134217728.00 MB total
[2019.01.23-10.39.31:899][  0]LogInit: Using OS detected language (fr-FR).
[2019.01.23-10.39.31:899][  0]LogInit: Using OS detected locale (fr-FR).
[2019.01.23-10.39.31:923][  0]LogTextLocalizationManager: No specific localization for 'fr-FR' exists, so the 'fr' localization will be used.
[2019.01.23-10.39.31:966][  0]LogStreaming: Display: Took  0.068s to InitEngineTextLocalization.
[2019.01.23-10.39.31:967][  0]LogInit: Setting process to per monitor DPI aware
[2019.01.23-10.39.32:257][  0]LogSlate: New Slate User Created.  User Index 0, Is Virtual User: 0
[2019.01.23-10.39.32:258][  0]LogSlate: Slate User Registered.  User Index 0, Is Virtual User: 0
[2019.01.23-10.39.36:944][  0]LogHMD: Failed to initialize OpenVR with code 110
[2019.01.23-10.39.36:944][  0]LogD3D11RHI: D3D11 adapters:
[2019.01.23-10.39.37:053][  0]LogD3D11RHI:    0. 'Intel(R) HD Graphics Family' (Feature Level 11_0)
[2019.01.23-10.39.37:053][  0]LogD3D11RHI:       112/0/2000 MB DedicatedVideo/DedicatedSystem/SharedSystem, Outputs:1, VendorId:0x8086
[2019.01.23-10.39.37:087][  0]LogD3D11RHI:    1. 'Microsoft Basic Render Driver' (Feature Level 11_0)
[2019.01.23-10.39.37:087][  0]LogD3D11RHI:       0/0/2000 MB DedicatedVideo/DedicatedSystem/SharedSystem, Outputs:0, VendorId:0x1414
[2019.01.23-10.39.37:087][  0]LogD3D11RHI: Chosen D3D11 Adapter: 0
[2019.01.23-10.39.37:153][  0]LogD3D11RHI: Creating new Direct3DDevice
[2019.01.23-10.39.37:154][  0]LogD3D11RHI:     GPU DeviceId: 0xa16 (for the marketing name, search the web for "GPU Device Id")
[2019.01.23-10.39.37:154][  0]LogWindows: EnumDisplayDevices:
[2019.01.23-10.39.37:156][  0]LogWindows:    0. 'Intel(R) HD Graphics Family' (P:1 D:1)
[2019.01.23-10.39.37:161][  0]LogWindows:    1. 'Intel(R) HD Graphics Family' (P:0 D:0)
[2019.01.23-10.39.37:164][  0]LogWindows:    2. 'Intel(R) HD Graphics Family' (P:0 D:0)
[2019.01.23-10.39.37:167][  0]LogWindows: DebugString: FoundDriverCount:3 
[2019.01.23-10.39.37:168][  0]LogD3D11RHI:     Adapter Name: Intel(R) HD Graphics Family
[2019.01.23-10.39.37:168][  0]LogD3D11RHI:   Driver Version: 20.19.15.4568 (internal:20.19.15.4568, unified:20.19.15.4568)
[2019.01.23-10.39.37:168][  0]LogD3D11RHI:      Driver Date: 12-16-2016
[2019.01.23-10.39.37:168][  0]LogRHI: Texture pool is 778 MB (70% of 1112 MB)
[2019.01.23-10.39.37:331][  0]LogD3D11RHI: [IntelMetricsDiscovery] Started
[2019.01.23-10.39.37:332][  0]LogD3D11RHI: Async texture creation enabled
[2019.01.23-10.39.37:421][  0]LogD3D11RHI: GPU Timing Frequency: 12.500000 (Debug: 2 0)
[2019.01.23-10.39.59:251][  0]LogTemp: Display: Loaded TP AllDesktopTargetPlatform
[2019.01.23-10.39.59:428][  0]LogTemp: Display: Loaded TP MacClientTargetPlatform
[2019.01.23-10.39.59:609][  0]LogTemp: Display: Loaded TP MacNoEditorTargetPlatform
[2019.01.23-10.39.59:796][  0]LogTemp: Display: Loaded TP MacServerTargetPlatform
[2019.01.23-10.39.59:971][  0]LogTemp: Display: Loaded TP MacTargetPlatform
[2019.01.23-10.40.00:142][  0]LogTemp: Display: Loaded TP WindowsClientTargetPlatform
[2019.01.23-10.40.00:392][  0]LogTemp: Display: Loaded TP WindowsNoEditorTargetPlatform
[2019.01.23-10.40.00:602][  0]LogTemp: Display: Loaded TP WindowsServerTargetPlatform
[2019.01.23-10.40.00:694][  0]LogTemp: Display: Loaded TP WindowsTargetPlatform
[2019.01.23-10.40.01:766][  0]LogTemp: Display: Loaded TP AndroidTargetPlatform
[2019.01.23-10.40.01:766][  0]LogTemp: Display: Loaded TP AndroidTargetPlatform
[2019.01.23-10.40.01:767][  0]LogTemp: Display: Loaded TP AndroidTargetPlatform
[2019.01.23-10.40.01:767][  0]LogTemp: Display: Loaded TP AndroidTargetPlatform
[2019.01.23-10.40.01:767][  0]LogTemp: Display: Loaded TP AndroidTargetPlatform
[2019.01.23-10.40.01:767][  0]LogTemp: Display: Loaded TP AndroidTargetPlatform
[2019.01.23-10.40.01:767][  0]LogTemp: Display: Loaded TP AndroidTargetPlatform
[2019.01.23-10.40.01:768][  0]LogTemp: Display: Loaded TP AndroidTargetPlatform
[2019.01.23-10.40.01:768][  0]LogTemp: Display: Loaded TP AndroidTargetPlatform
[2019.01.23-10.40.01:768][  0]LogTemp: Display: Loaded TP AndroidTargetPlatform
[2019.01.23-10.40.01:768][  0]LogTemp: Display: Loaded TP AndroidTargetPlatform
[2019.01.23-10.40.01:768][  0]LogTemp: Display: Loaded TP AndroidTargetPlatform
[2019.01.23-10.40.01:769][  0]LogTemp: Display: Loaded TP AndroidTargetPlatform
[2019.01.23-10.40.01:769][  0]LogTemp: Display: Loaded TP AndroidTargetPlatform
[2019.01.23-10.40.01:769][  0]LogTemp: Display: Loaded TP AndroidTargetPlatform
[2019.01.23-10.40.01:769][  0]LogTemp: Display: Loaded TP AndroidTargetPlatform
[2019.01.23-10.40.01:769][  0]LogTemp: Display: Loaded TP AndroidTargetPlatform
[2019.01.23-10.40.01:770][  0]LogTemp: Display: Loaded TP AndroidTargetPlatform
[2019.01.23-10.40.01:799][  0]LogTemp: Display: Loaded TP HTML5TargetPlatform
[2019.01.23-10.40.02:242][  0]LogTemp: Display: Loaded TP IOSTargetPlatform
[2019.01.23-10.40.02:242][  0]LogTemp: Display: Loaded TP IOSTargetPlatform
[2019.01.23-10.40.02:542][  0]LogTemp: Display: Loaded TP TVOSTargetPlatform
[2019.01.23-10.40.02:543][  0]LogTemp: Display: Loaded TP TVOSTargetPlatform
[2019.01.23-10.40.02:721][  0]LogTemp: Display: Loaded TP LinuxClientTargetPlatform
[2019.01.23-10.40.02:927][  0]LogTemp: Display: Loaded TP LinuxNoEditorTargetPlatform
[2019.01.23-10.40.03:092][  0]LogTemp: Display: Loaded TP LinuxServerTargetPlatform
[2019.01.23-10.40.03:308][  0]LogTemp: Display: Loaded TP LinuxTargetPlatform
[2019.01.23-10.40.03:826][  0]LogTemp: Display: Loaded TP LuminTargetPlatform
[2019.01.23-10.40.03:826][  0]LogTemp: Display: Loaded TP LuminTargetPlatform
[2019.01.23-10.40.03:827][  0]LogTargetPlatformManager: Display: Building Assets For Windows
[2019.01.23-10.40.04:792][  0]LogShaderCompilers: Guid format shader working directory is -59 characters bigger than the processId version (../../../../../../Users/Andrea/Desktop/ENSC/Unreal Engine/unreal-engine-programming-quick-start/QuickStart/Intermediate/Shaders/WorkingDirectory/2556/).
[2019.01.23-10.40.04:793][  0]LogShaderCompilers: Cleaned the shader compiler working directory 'C:/Users/Andrea/AppData/Local/Temp/UnrealShaderWorkingDir/324C6ED540F2E0BDAD00689E118C9B1C/'.
[2019.01.23-10.40.04:833][  0]LogXGEController: Cannot use XGE Controller as Incredibuild is not installed on this machine.
[2019.01.23-10.40.04:834][  0]LogShaderCompilers: Cannot use XGE Shader Compiler as Incredibuild is not installed on this machine.
[2019.01.23-10.40.04:834][  0]LogShaderCompilers: Display: Using Local Shader Compiler.
[2019.01.23-10.40.11:414][  0]LogDerivedDataCache: Display: Max Cache Size: 512 MB
[2019.01.23-10.40.12:808][  0]LogDerivedDataCache: Loaded boot cache 1.39s 71MB C:/Users/Andrea/AppData/Local/UnrealEngine/4.21/DerivedDataCache/Boot.ddc.
[2019.01.23-10.40.12:808][  0]LogDerivedDataCache: Display: Loaded Boot cache: C:/Users/Andrea/AppData/Local/UnrealEngine/4.21/DerivedDataCache/Boot.ddc
[2019.01.23-10.40.12:810][  0]LogDerivedDataCache: FDerivedDataBackendGraph:  Pak pak cache file ../../../../../../Users/Andrea/Desktop/ENSC/Unreal Engine/unreal-engine-programming-quick-start/QuickStart/DerivedDataCache/DDC.ddp not found, will not use a pak cache.
[2019.01.23-10.40.12:810][  0]LogDerivedDataCache: Unable to find inner node Pak for hierarchical cache Hierarchy.
[2019.01.23-10.40.12:810][  0]LogDerivedDataCache: FDerivedDataBackendGraph:  CompressedPak pak cache file ../../../../../../Users/Andrea/Desktop/ENSC/Unreal Engine/unreal-engine-programming-quick-start/QuickStart/DerivedDataCache/Compressed.ddp not found, will not use a pak cache.
[2019.01.23-10.40.12:811][  0]LogDerivedDataCache: Unable to find inner node CompressedPak for hierarchical cache Hierarchy.
[2019.01.23-10.40.12:953][  0]LogDerivedDataCache: Display: Pak cache opened for reading ../../../Engine/DerivedDataCache/Compressed.ddp.
[2019.01.23-10.40.12:954][  0]LogDerivedDataCache: FDerivedDataBackendGraph:  EnterprisePak pak cache file ../../../Enterprise/DerivedDataCache/Compressed.ddp not found, will not use a pak cache.
[2019.01.23-10.40.12:954][  0]LogDerivedDataCache: Unable to find inner node EnterprisePak for hierarchical cache Hierarchy.
[2019.01.23-10.40.13:065][  0]LogDerivedDataCache: Using Local data cache path C:/Users/Andrea/AppData/Local/UnrealEngine/Common/DerivedDataCache: Writable
[2019.01.23-10.40.13:065][  0]LogDerivedDataCache: Shared data cache path not found in *engine.ini, will not use an Shared cache.
[2019.01.23-10.40.13:065][  0]LogDerivedDataCache: Unable to find inner node Shared for hierarchical cache Hierarchy.
[2019.01.23-10.40.13:585][  0]LogMaterial: Verifying Global Shaders for PCD3D_SM5
[2019.01.23-10.40.13:611][  0]LogSlate: Using FreeType 2.6.0
[2019.01.23-10.40.13:623][  0]LogSlate: SlateFontServices - WITH_FREETYPE: 1, WITH_HARFBUZZ: 1
[2019.01.23-10.40.15:338][  0]LogAssetRegistry: FAssetRegistry took 0.4848 seconds to start up
[2019.01.23-10.40.19:919][  0]LogInit: Selected Device Profile: [Windows]
[2019.01.23-10.40.22:028][  0]LogSimplygon: Simplygon DLL not present - disabling.
[2019.01.23-10.40.22:119][  0]LogMeshReduction: Using SimplygonSwarm for distributed automatic mesh merging
[2019.01.23-10.40.22:120][  0]LogMeshReduction: Using ProxyLODMeshReduction for automatic mesh merging
[2019.01.23-10.40.22:123][  0]LogMeshReduction: Using QuadricMeshReduction for automatic static mesh reduction
[2019.01.23-10.40.22:123][  0]LogMeshReduction: No automatic skeletal mesh reduction module available
[2019.01.23-10.40.22:352][  0]LogNetVersion: QuickStart 1.0.0, NetCL: 4541578, EngineNetVer: 5, GameNetVer: 0 (Checksum: 1514832831)
[2019.01.23-10.40.29:135][  0]LogPackageLocalizationCache: Processed 11 localized package path(s) for 2 prioritized culture(s) in 0.847869 seconds
[2019.01.23-10.40.29:187][  0]LogUObjectArray: 39775 objects as part of root set at end of initial load.
[2019.01.23-10.40.29:188][  0]LogUObjectAllocator: 6914664 out of 0 bytes used by permanent object pool.
[2019.01.23-10.40.29:188][  0]LogUObjectArray: CloseDisregardForGC: 0/0 objects in disregard for GC pool
[2019.01.23-10.40.46:652][  0]LogTcpMessaging: Initializing TcpMessaging bridge
[2019.01.23-10.40.46:696][  0]LogUdpMessaging: Initializing bridge on interface 0.0.0.0:0 to multicast group 230.0.0.1:6666.
[2019.01.23-10.40.55:239][  0]SourceControl: Source control is disabled
[2019.01.23-10.40.55:246][  0]SourceControl: Source control is disabled
[2019.01.23-10.40.55:284][  0]SourceControl: Source control is disabled
[2019.01.23-10.40.55:299][  0]SourceControl: Source control is disabled
[2019.01.23-10.40.57:759][  0]LogAndroidPermission: UAndroidPermissionCallbackProxy::GetInstance
[2019.01.23-10.40.58:563][  0]LogOcInput: OculusInput pre-init called
[2019.01.23-10.40.59:681][  0]LogEngine: Initializing Engine...
[2019.01.23-10.40.59:708][  0]LogHMD: Failed to initialize OpenVR with code 110
[2019.01.23-10.40.59:725][  0]LogStats: UGameplayTagsManager::ConstructGameplayTagTree: ImportINI prefixes -  0.001 s
[2019.01.23-10.40.59:726][  0]LogStats: UGameplayTagsManager::ConstructGameplayTagTree: Construct from data asset -  0.000 s
[2019.01.23-10.40.59:728][  0]LogStats: UGameplayTagsManager::ConstructGameplayTagTree: ImportINI -  0.002 s
[2019.01.23-10.40.59:728][  0]LogStats: UGameplayTagsManager::ConstructGameplayTagTree: GameplayTagTreeChangedEvent.Broadcast -  0.000 s
[2019.01.23-10.41.02:568][  0]LogInit: Initializing FReadOnlyCVARCache
[2019.01.23-10.41.02:991][  0]LogAIModule: Creating AISystem for world Untitled
[2019.01.23-10.41.04:001][  0]LogInit: XAudio2 using 'Haut-parleurs (Realtek High Definition Audio)' : 2 channels at 48 kHz using 32 bits per sample (channel mask 0x3)
[2019.01.23-10.41.06:597][  0]LogInit: FAudioDevice initialized.
[2019.01.23-10.41.06:617][  0]LogNetVersion: Set ProjectVersion to 1.0.0.0. Version Checksum will be recalculated on next use.
[2019.01.23-10.41.10:347][  0]LogDerivedDataCache: Saved boot cache 3.73s 71MB C:/Users/Andrea/AppData/Local/UnrealEngine/4.21/DerivedDataCache/Boot.ddc.
[2019.01.23-10.41.10:887][  0]LogInit: Texture streaming: Enabled
[2019.01.23-10.41.11:376][  0]LogEngineSessionManager: EngineSessionManager initialized
[2019.01.23-10.41.12:179][  0]LogInit: Transaction tracking system initialized
[2019.01.23-10.41.12:720][  0]BlueprintLog: New page: Editor Load
[2019.01.23-10.41.14:313][  0]LocalizationService: Localization service is disabled
[2019.01.23-10.41.20:681][  0]LogFileCache: Scanning file cache for directory 'C:/Users/Andrea/Desktop/ENSC/Unreal Engine/unreal-engine-programming-quick-start/QuickStart/Content/' took 0.09s
[2019.01.23-10.41.20:682][  0]LogCook: Display: Max memory allowance for cook 16384mb min free memory 0mb
[2019.01.23-10.41.20:684][  0]LogCook: Display: Mobile HDR setting 1
[2019.01.23-10.41.20:687][  0]LogGameplayTags: Display: UGameplayTagsManager::DoneAddingNativeTags. DelegateIsBound: 0
[2019.01.23-10.41.20:688][  0]LogStats: UGameplayTagsManager::ConstructGameplayTagTree: ImportINI prefixes -  0.000 s
[2019.01.23-10.41.20:689][  0]LogStats: UGameplayTagsManager::ConstructGameplayTagTree: Construct from data asset -  0.000 s
[2019.01.23-10.41.20:691][  0]LogStats: UGameplayTagsManager::ConstructGameplayTagTree: ImportINI -  0.001 s
[2019.01.23-10.41.20:691][  0]LogStats: UGameplayTagsManager::ConstructGameplayTagTree: GameplayTagTreeChangedEvent.Broadcast -  0.000 s
[2019.01.23-10.41.30:274][  0]SourceControl: Source control is disabled
[2019.01.23-10.41.30:292][  0]LightingResults: New page: Lighting Build
[2019.01.23-10.41.30:406][  0]MapCheck: New page: Map Check
[2019.01.23-10.41.30:407][  0]LightingResults: New page: Lighting Build
[2019.01.23-10.42.37:547][  0]LogAIModule: Creating AISystem for world Minimal_Default
[2019.01.23-10.42.37:887][  0]LogEditorServer: Finished looking for orphan Actors (0.001 secs)
[2019.01.23-10.42.45:627][  0]Cmd: MAP CHECKDEP NOCLEARLOG
[2019.01.23-10.42.45:633][  0]MapCheck: Map check complete: 0 Error(s), 0 Warning(s), took 2,707ms to complete.
[2019.01.23-10.42.45:634][  0]LogFileHelpers: Loading map 'Minimal_Default' took 75.356
[2019.01.23-10.42.46:663][  0]LogSlate: Updating window title bar state: overlay mode, drag disabled, window buttons hidden, title bar hidden
[2019.01.23-10.42.46:740][  0]LogSlate: Updating window title bar state: overlay mode, drag disabled, window buttons hidden, title bar hidden
[2019.01.23-10.42.46:814][  0]LogSlate: Updating window title bar state: overlay mode, drag disabled, window buttons hidden, title bar hidden
[2019.01.23-10.42.46:891][  0]LogSlate: Updating window title bar state: overlay mode, drag disabled, window buttons hidden, title bar hidden
[2019.01.23-10.42.47:052][  0]LogCollectionManager: Loaded 0 collections in 0.031418 seconds
[2019.01.23-10.42.47:213][  0]LogFileCache: Scanning file cache for directory 'C:/Users/Andrea/Desktop/ENSC/Unreal Engine/unreal-engine-programming-quick-start/QuickStart/Saved/Collections/' took 0.02s
[2019.01.23-10.42.47:213][  0]LogFileCache: Scanning file cache for directory 'C:/Users/Andrea/Desktop/ENSC/Unreal Engine/unreal-engine-programming-quick-start/QuickStart/Content/Developers/Andrea/Collections/' took 0.00s
[2019.01.23-10.42.47:214][  0]LogFileCache: Scanning file cache for directory 'C:/Users/Andrea/Desktop/ENSC/Unreal Engine/unreal-engine-programming-quick-start/QuickStart/Content/Collections/' took 0.02s
[2019.01.23-10.42.47:214][  0]LogCollectionManager: Rebuilt the GUID cache for 0 collections in 0.000001 seconds
[2019.01.23-10.42.47:551][  0]LogContentBrowser: Native class hierarchy populated in 0.3320 seconds. Added 2652 classes and 622 folders.
[2019.01.23-10.42.47:680][  0]LogContentBrowser: Native class hierarchy updated for 'WidgetCarousel' in 0.0046 seconds. Added 0 classes and 0 folders.
[2019.01.23-10.42.47:737][  0]LogPakFile: Registered encryption key '00000000000000000000000000000000': 0 pak files mounted, 0 remain pending
[2019.01.23-10.42.47:762][  0]LogPakFile: Registered encryption key '00000000000000000000000000000000': 0 pak files mounted, 0 remain pending
[2019.01.23-10.42.47:775][  0]LogPakFile: Registered encryption key '00000000000000000000000000000000': 0 pak files mounted, 0 remain pending
[2019.01.23-10.42.47:784][  0]LogPakFile: Registered encryption key '00000000000000000000000000000000': 0 pak files mounted, 0 remain pending
[2019.01.23-10.42.47:792][  0]LogPakFile: Registered encryption key '00000000000000000000000000000000': 0 pak files mounted, 0 remain pending
[2019.01.23-10.42.47:803][  0]LogPakFile: Registered encryption key '00000000000000000000000000000000': 0 pak files mounted, 0 remain pending
[2019.01.23-10.42.47:813][  0]LogPakFile: Registered encryption key '00000000000000000000000000000000': 0 pak files mounted, 0 remain pending
[2019.01.23-10.42.47:822][  0]LogPakFile: Registered encryption key '00000000000000000000000000000000': 0 pak files mounted, 0 remain pending
[2019.01.23-10.42.47:834][  0]LogPakFile: Registered encryption key '00000000000000000000000000000000': 0 pak files mounted, 0 remain pending
[2019.01.23-10.42.47:844][  0]LogPakFile: Registered encryption key '00000000000000000000000000000000': 0 pak files mounted, 0 remain pending
[2019.01.23-10.42.47:857][  0]LogPakFile: Registered encryption key '00000000000000000000000000000000': 0 pak files mounted, 0 remain pending
[2019.01.23-10.42.47:867][  0]LogPakFile: Registered encryption key '00000000000000000000000000000000': 0 pak files mounted, 0 remain pending
[2019.01.23-10.42.47:878][  0]LogPakFile: Registered encryption key '00000000000000000000000000000000': 0 pak files mounted, 0 remain pending
[2019.01.23-10.42.47:889][  0]LogPakFile: Registered encryption key '00000000000000000000000000000000': 0 pak files mounted, 0 remain pending
[2019.01.23-10.42.47:898][  0]LogPakFile: Registered encryption key '00000000000000000000000000000000': 0 pak files mounted, 0 remain pending
[2019.01.23-10.42.47:907][  0]LogPakFile: Registered encryption key '00000000000000000000000000000000': 0 pak files mounted, 0 remain pending
[2019.01.23-10.42.47:917][  0]LogPakFile: Registered encryption key '00000000000000000000000000000000': 0 pak files mounted, 0 remain pending
[2019.01.23-10.42.47:927][  0]LogPakFile: Registered encryption key '00000000000000000000000000000000': 0 pak files mounted, 0 remain pending
[2019.01.23-10.42.47:936][  0]LogPakFile: Registered encryption key '00000000000000000000000000000000': 0 pak files mounted, 0 remain pending
[2019.01.23-10.42.47:945][  0]LogPakFile: Registered encryption key '00000000000000000000000000000000': 0 pak files mounted, 0 remain pending
[2019.01.23-10.42.47:962][  0]LogPakFile: Registered encryption key '00000000000000000000000000000000': 0 pak files mounted, 0 remain pending
[2019.01.23-10.42.47:973][  0]LogPakFile: Registered encryption key '00000000000000000000000000000000': 0 pak files mounted, 0 remain pending
[2019.01.23-10.42.47:982][  0]LogPakFile: Registered encryption key '00000000000000000000000000000000': 0 pak files mounted, 0 remain pending
[2019.01.23-10.42.47:993][  0]LogPakFile: Registered encryption key '00000000000000000000000000000000': 0 pak files mounted, 0 remain pending
[2019.01.23-10.42.48:003][  0]LogPakFile: Registered encryption key '00000000000000000000000000000000': 0 pak files mounted, 0 remain pending
[2019.01.23-10.42.48:017][  0]LogPakFile: Registered encryption key '00000000000000000000000000000000': 0 pak files mounted, 0 remain pending
[2019.01.23-10.42.49:010][  0]LogContentBrowser: Native class hierarchy updated for 'AddContentDialog' in 0.0053 seconds. Added 0 classes and 0 folders.
[2019.01.23-10.42.49:083][  0]LogContentBrowser: Native class hierarchy updated for 'SceneOutliner' in 0.0041 seconds. Added 1 classes and 2 folders.
[2019.01.23-10.42.49:456][  0]LogSlate: Took 0.010375 seconds to synchronously load lazily loaded font '../../../Engine/Content/Slate/Fonts/Roboto-Regular.ttf' (155K)
[2019.01.23-10.42.49:481][  0]LogSlate: Took 0.003977 seconds to synchronously load lazily loaded font '../../../Engine/Content/Slate/Fonts/Roboto-Bold.ttf' (160K)
[2019.01.23-10.42.49:534][  0]LogSlate: Took 0.004053 seconds to synchronously load lazily loaded font '../../../Engine/Content/Editor/Slate/Fonts/FontAwesome.ttf' (139K)
[2019.01.23-10.42.50:534][  0]LogRenderer: Reallocating scene render targets to support 904x540 Format 10 NumSamples 1 (Frame:1).
[2019.01.23-10.43.01:128][  0]LogContentBrowser: Native class hierarchy updated for 'HierarchicalLODOutliner' in 0.0225 seconds. Added 0 classes and 0 folders.
[2019.01.23-10.43.01:130][  0]LogLoad: (Engine Initialization) Total time: 247.61 seconds
[2019.01.23-10.43.01:130][  0]LogLoad: (Engine Initialization) Total Blueprint compile time: 0.00 seconds
[2019.01.23-10.43.05:963][  0]LogContentStreaming: Texture pool size now 1000 MB
[2019.01.23-10.43.16:059][  1]LogD3D11RHI: Error: Direct3DDevice->CreateTexture2D(&Desc,NULL,TempTexture2D.GetInitReference()) failed 
 at D:\Build\++UE4\Sync\Engine\Source\Runtime\Windows\D3D11RHI\Private\D3D11RenderTarget.cpp:1183 
 with error DXGI_ERROR_DEVICE_REMOVED DXGI_ERROR_DEVICE_HUNG
[2019.01.23-10.43.16:062][  1]LogD3D11RHI: [Aftermath] GDynamicRHI=000001820E87E180, GDX11NVAfterMathEnabled=0, Result=0xFFFFFFFF, bDeviceActive=0
[2019.01.23-10.43.16:062][  1]LogWindows: Windows GetLastError: L’opération a réussi. (0)
[2019.01.23-10.44.16:132][  3]LogOutputDevice: Warning: 

Script Stack (0 frames):

[2019.01.23-10.44.16:136][  3]LogWindows: Windows GetLastError: L’opération a réussi. (0)
[2019.01.23-10.45.17:063][  3]LogWindows: Error: === Critical error: ===
[2019.01.23-10.45.17:064][  3]LogWindows: Error: 
[2019.01.23-10.45.17:064][  3]LogWindows: Error: Fatal error: [File:D:\Build\++UE4\Sync\Engine\Source\Runtime\RenderCore\Private\RenderingThread.cpp] [Line: 826] 
[2019.01.23-10.45.17:064][  3]LogWindows: Error: Rendering thread exception:
[2019.01.23-10.45.17:065][  3]LogWindows: Error: Fatal error: [File:D:\Build\++UE4\Sync\Engine\Source\Runtime\Windows\D3D11RHI\Private\D3D11Util.cpp] [Line: 200] 
[2019.01.23-10.45.17:065][  3]LogWindows: Error: Unreal Engine is exiting due to D3D device being lost. (Error: 0x887A0006 - 'HUNG')
[2019.01.23-10.45.17:065][  3]LogWindows: Error: 
[2019.01.23-10.45.17:065][  3]LogWindows: Error: 
[2019.01.23-10.45.17:065][  3]LogWindows: Error: 
[2019.01.23-10.45.17:065][  3]LogWindows: Error: 
[2019.01.23-10.45.17:065][  3]LogWindows: Error: 
[2019.01.23-10.45.17:065][  3]LogWindows: Error: 
[2019.01.23-10.45.18:275][  3]LogExit: Executing StaticShutdownAfterError
[2019.01.23-10.45.20:527][  3]LogWindows: FPlatformMisc::RequestExit(1)
[2019.01.23-10.45.21:361][  3]Log file closed, 01/23/19 11:45:21
