Log file open, 01/22/19 15:41:55
LogWindows: Failed to load 'aqProf.dll' (GetLastError=126)
LogWindows: File 'aqProf.dll' does not exist
LogWindows: Failed to load 'VtuneApi.dll' (GetLastError=126)
LogWindows: File 'VtuneApi.dll' does not exist
LogWindows: Failed to load 'VtuneApi32e.dll' (GetLastError=126)
LogWindows: File 'VtuneApi32e.dll' does not exist
LogConsoleResponse: Display: Failed to find resolution value strings in scalability ini. Falling back to default.
LogInit: Display: Running engine for game: QuickStart
LogPakFile: Registered encryption key '00000000000000000000000000000000': 0 pak files mounted, 0 remain pending
LogPlatformFile: Not using cached read wrapper
LogTaskGraph: Started task graph with 5 named threads and 11 total threads with 3 sets of task threads.
LogStats: Stats thread started at 25.817671
LogD3D11RHI: Loaded GFSDK_Aftermath_Lib.x64.dll
LogICUInternationalization: ICU TimeZone Detection - Raw Offset: +1:00, Platform Override: ''
LogPluginManager: Mounting plugin Paper2D
LogPluginManager: Mounting plugin AISupport
LogPluginManager: Mounting plugin LightPropagationVolume
LogPluginManager: Mounting plugin ActorLayerUtilities
LogPluginManager: Mounting plugin CLionSourceCodeAccess
LogPluginManager: Mounting plugin CodeLiteSourceCodeAccess
LogPluginManager: Mounting plugin GitSourceControl
LogPluginManager: Mounting plugin KDevelopSourceCodeAccess
LogPluginManager: Mounting plugin NullSourceCodeAccess
LogPluginManager: Mounting plugin PerforceSourceControl
LogPluginManager: Mounting plugin SubversionSourceControl
LogPluginManager: Mounting plugin UObjectPlugin
LogPluginManager: Mounting plugin VisualStudioCodeSourceCodeAccess
LogPluginManager: Mounting plugin VisualStudioSourceCodeAccess
LogPluginManager: Mounting plugin XCodeSourceCodeAccess
LogPluginManager: Mounting plugin AssetManagerEditor
LogPluginManager: Mounting plugin CryptoKeys
LogPluginManager: Mounting plugin DataValidation
LogPluginManager: Mounting plugin FacialAnimation
LogPluginManager: Mounting plugin GameplayTagsEditor
LogPluginManager: Mounting plugin MacGraphicsSwitching
LogPluginManager: Mounting plugin MeshEditor
LogPluginManager: Mounting plugin MobileLauncherProfileWizard
LogPluginManager: Mounting plugin PluginBrowser
LogPluginManager: Mounting plugin SpeedTreeImporter
LogPluginManager: Mounting plugin DatasmithContent
LogPluginManager: Mounting plugin VariantManagerContent
LogPluginManager: Mounting plugin AlembicImporter
LogPluginManager: Mounting plugin AppleImageUtils
LogPluginManager: Mounting plugin AppleVision
LogPluginManager: Mounting plugin BackChannel
LogPluginManager: Mounting plugin CharacterAI
LogPluginManager: Mounting plugin GeometryCache
LogPluginManager: Mounting plugin HTML5Networking
LogPluginManager: Mounting plugin ProxyLODPlugin
LogPluginManager: Mounting plugin MagicLeap
LogPluginManager: Mounting plugin MagicLeapMedia
LogPluginManager: Mounting plugin AndroidMedia
LogPluginManager: Mounting plugin AvfMedia
LogPluginManager: Mounting plugin ImgMedia
LogPluginManager: Mounting plugin LinearTimecode
LogPluginManager: Mounting plugin MediaCompositing
LogPluginManager: Mounting plugin MediaPlayerEditor
LogPluginManager: Mounting plugin WebMMedia
LogPluginManager: Mounting plugin WmfMedia
LogPluginManager: Mounting plugin TcpMessaging
LogPluginManager: Mounting plugin UdpMessaging
LogPluginManager: Mounting plugin ActorSequence
LogPluginManager: Mounting plugin LevelSequenceEditor
LogPluginManager: Mounting plugin MatineeToLevelSequence
LogPluginManager: Mounting plugin NetcodeUnitTest
LogPluginManager: Mounting plugin NUTUnrealEngine4
LogPluginManager: Mounting plugin OnlineSubsystemGooglePlay
LogPluginManager: Mounting plugin OnlineSubsystemIOS
LogPluginManager: Mounting plugin OnlineSubsystem
LogPluginManager: Mounting plugin OnlineSubsystemNull
LogPluginManager: Mounting plugin OnlineSubsystemUtils
LogPluginManager: Mounting plugin LauncherChunkInstaller
LogPluginManager: Mounting plugin AndroidDeviceProfileSelector
LogPluginManager: Mounting plugin AndroidMoviePlayer
LogPluginManager: Mounting plugin AndroidPermission
LogPluginManager: Mounting plugin AppleMoviePlayer
LogPluginManager: Mounting plugin ArchVisCharacter
LogPluginManager: Mounting plugin AudioCapture
LogPluginManager: Mounting plugin CableComponent
LogPluginManager: Mounting plugin CustomMeshComponent
LogPluginManager: Mounting plugin EditableMesh
LogPluginManager: Mounting plugin ExampleDeviceProfileSelector
LogPluginManager: Mounting plugin Firebase
LogPluginManager: Mounting plugin GoogleCloudMessaging
LogPluginManager: Mounting plugin IOSDeviceProfileSelector
LogPluginManager: Mounting plugin LinuxDeviceProfileSelector
LogPluginManager: Mounting plugin LocationServicesBPLibrary
LogPluginManager: Mounting plugin MobilePatchingUtils
LogPluginManager: Mounting plugin OculusVR
LogPluginManager: Mounting plugin PhysXVehicles
LogPluginManager: Mounting plugin ProceduralMeshComponent
LogPluginManager: Mounting plugin RuntimePhysXCooking
LogPluginManager: Mounting plugin SteamVR
LogPluginManager: Mounting plugin WebMMoviePlayer
LogPluginManager: Mounting plugin WindowsMoviePlayer
LogStreaming: Display: Took  4.371s to configure plugins.
LogInit: Using libcurl 7.55.1-DEV
LogInit:  - built for x86_64-pc-win32
LogInit:  - supports SSL with OpenSSL/1.0.2h
LogInit:  - supports HTTP deflate (compression) using libz 1.2.8
LogInit:  - other features:
LogInit:      CURL_VERSION_SSL
LogInit:      CURL_VERSION_LIBZ
LogInit:      CURL_VERSION_IPV6
LogInit:      CURL_VERSION_ASYNCHDNS
LogInit:      CURL_VERSION_LARGEFILE
LogInit:      CURL_VERSION_IDN
LogInit:  CurlRequestOptions (configurable via config and command line):
LogInit:  - bVerifyPeer = true  - Libcurl will verify peer certificate
LogInit:  - bUseHttpProxy = false  - Libcurl will NOT use HTTP proxy
LogInit:  - bDontReuseConnections = false  - Libcurl will reuse connections
LogInit:  - MaxHostConnections = 16  - Libcurl will limit the number of connections to a host
LogInit:  - LocalHostAddr = Default
LogInit:  - BufferSize = 65536
LogInit: WinSock: version 1.1 (2.2), MaxSocks=32767, MaxUdp=65467
LogInit: Build: ++UE4+Release-4.21-CL-4613538
LogInit: Engine Version: 4.21.1-4613538+++UE4+Release-4.21
LogInit: Compatible Engine Version: 4.21.0-4541578+++UE4+Release-4.21
LogInit: Net CL: 4541578
LogInit: OS: Windows 10 (), CPU: Intel(R) Core(TM) i5-4300U CPU @ 1.90GHz, GPU: Intel(R) HD Graphics Family
LogInit: Compiled (64-bit): Nov 30 2018 04:13:25
LogInit: Compiled with Visual C++: 19.13.26129.00
LogInit: Build Configuration: Development
LogInit: Branch Name: ++UE4+Release-4.21
LogInit: Command Line: 
LogInit: Base Directory: C:/Program Files/Epic Games/UE_4.21/Engine/Binaries/Win64/
LogInit: Installed Engine Build: 1
LogDevObjectVersion: Number of dev versions registered: 22
LogDevObjectVersion:   Dev-Blueprints (B0D832E4-1F89-4F0D-ACCF-7EB736FD4AA2): 10
LogDevObjectVersion:   Dev-Build (E1C64328-A22C-4D53-A36C-8E866417BD8C): 0
LogDevObjectVersion:   Dev-Core (375EC13C-06E4-48FB-B500-84F0262A717E): 2
LogDevObjectVersion:   Dev-Editor (E4B068ED-F494-42E9-A231-DA0B2E46BB41): 26
LogDevObjectVersion:   Dev-Framework (CFFC743F-43B0-4480-9391-14DF171D2073): 34
LogDevObjectVersion:   Dev-Mobile (B02B49B5-BB20-44E9-A304-32B752E40360): 2
LogDevObjectVersion:   Dev-Networking (A4E4105C-59A1-49B5-A7C5-40C4547EDFEE): 0
LogDevObjectVersion:   Dev-Online (39C831C9-5AE6-47DC-9A44-9C173E1C8E7C): 0
LogDevObjectVersion:   Dev-Physics (78F01B33-EBEA-4F98-B9B4-84EACCB95AA2): 0
LogDevObjectVersion:   Dev-Platform (6631380F-2D4D-43E0-8009-CF276956A95A): 0
LogDevObjectVersion:   Dev-Rendering (12F88B9F-8875-4AFC-A67C-D90C383ABD29): 27
LogDevObjectVersion:   Dev-Sequencer (7B5AE74C-D270-4C10-A958-57980B212A5A): 9
LogDevObjectVersion:   Dev-VR (D7296918-1DD6-4BDD-9DE2-64A83CC13884): 2
LogDevObjectVersion:   Dev-LoadTimes (C2A15278-BFE7-4AFE-6C17-90FF531DF755): 1
LogDevObjectVersion:   Private-Geometry (6EACA3D4-40EC-4CC1-B786-8BED09428FC5): 3
LogDevObjectVersion:   Dev-AnimPhys (29E575DD-E0A3-4627-9D10-D276232CDCEA): 17
LogDevObjectVersion:   Dev-Anim (AF43A65D-7FD3-4947-9873-3E8ED9C1BB05): 2
LogDevObjectVersion:   Dev-ReflectionCapture (6B266CEC-1EC7-4B8F-A30B-E4D90942FC07): 1
LogDevObjectVersion:   Dev-Automation (0DF73D61-A23F-47EA-B727-89E90C41499A): 1
LogDevObjectVersion:   FortniteMain (601D1886-AC64-4F84-AA16-D3DE0DEAC7D6): 17
LogDevObjectVersion:   Dev-Enterprise (9DFFBCD6-494F-0158-E221-12823C92A888): 4
LogDevObjectVersion:   Dev-Niagara (F2AED0AC-9AFE-416F-8664-AA7FFA26D6FC): 1
LogStreaming: Display: Took  0.013s to delete old logs.
LogInit: Presizing for max 8388607 objects, including 0 objects not considered by GC, pre-allocating 0 bytes for permanent pool.
LogInit: Object subsystem initialized
LogConfig: Setting CVar [[con.DebugEarlyDefault:1]]
LogConfig: Setting CVar [[r.setres:1280x720]]
[2019.01.22-14.42.05:691][  0]LogConfig: Setting CVar [[r.VSync:0]]
[2019.01.22-14.42.05:691][  0]LogConfig: Setting CVar [[r.RHICmdBypass:0]]
[2019.01.22-14.42.05:692][  0]LogConfig: Applying CVar settings from Section [/Script/Engine.RendererSettings] File [C:/Users/Andrea/Desktop/ENSC/Unreal Engine/unreal-engine-programming-quick-start/QuickStart/Saved/Config/Windows/Engine.ini]
[2019.01.22-14.42.05:692][  0]LogConfig: Setting CVar [[r.GPUCrashDebugging:0]]
[2019.01.22-14.42.05:692][  0]LogConfig: Applying CVar settings from Section [/Script/Engine.RendererOverrideSettings] File [C:/Users/Andrea/Desktop/ENSC/Unreal Engine/unreal-engine-programming-quick-start/QuickStart/Saved/Config/Windows/Engine.ini]
[2019.01.22-14.42.05:692][  0]LogConfig: Applying CVar settings from Section [/Script/Engine.StreamingSettings] File [C:/Users/Andrea/Desktop/ENSC/Unreal Engine/unreal-engine-programming-quick-start/QuickStart/Saved/Config/Windows/Engine.ini]
[2019.01.22-14.42.05:693][  0]LogConfig: Setting CVar [[s.MinBulkDataSizeForAsyncLoading:131072]]
[2019.01.22-14.42.05:693][  0]LogConfig: Setting CVar [[s.AsyncLoadingThreadEnabled:0]]
[2019.01.22-14.42.05:693][  0]LogConfig: Setting CVar [[s.EventDrivenLoaderEnabled:1]]
[2019.01.22-14.42.05:693][  0]LogConfig: Setting CVar [[s.WarnIfTimeLimitExceeded:0]]
[2019.01.22-14.42.05:693][  0]LogConfig: Setting CVar [[s.TimeLimitExceededMultiplier:1.5]]
[2019.01.22-14.42.05:693][  0]LogConfig: Setting CVar [[s.TimeLimitExceededMinTime:0.005]]
[2019.01.22-14.42.05:693][  0]LogConfig: Setting CVar [[s.UseBackgroundLevelStreaming:1]]
[2019.01.22-14.42.05:693][  0]LogConfig: Setting CVar [[s.PriorityAsyncLoadingExtraTime:15.0]]
[2019.01.22-14.42.05:693][  0]LogConfig: Setting CVar [[s.LevelStreamingActorsUpdateTimeLimit:5.0]]
[2019.01.22-14.42.05:693][  0]LogConfig: Setting CVar [[s.PriorityLevelStreamingActorsUpdateExtraTime:5.0]]
[2019.01.22-14.42.05:694][  0]LogConfig: Setting CVar [[s.LevelStreamingComponentsRegistrationGranularity:10]]
[2019.01.22-14.42.05:694][  0]LogConfig: Setting CVar [[s.UnregisterComponentsTimeLimit:1.0]]
[2019.01.22-14.42.05:694][  0]LogConfig: Setting CVar [[s.LevelStreamingComponentsUnregistrationGranularity:5]]
[2019.01.22-14.42.05:694][  0]LogConfig: Applying CVar settings from Section [/Script/Engine.GarbageCollectionSettings] File [C:/Users/Andrea/Desktop/ENSC/Unreal Engine/unreal-engine-programming-quick-start/QuickStart/Saved/Config/Windows/Engine.ini]
[2019.01.22-14.42.05:694][  0]LogConfig: Setting CVar [[gc.MaxObjectsNotConsideredByGC:1]]
[2019.01.22-14.42.05:694][  0]LogConfig: Setting CVar [[gc.SizeOfPermanentObjectPool:0]]
[2019.01.22-14.42.05:694][  0]LogConfig: Setting CVar [[gc.FlushStreamingOnGC:0]]
[2019.01.22-14.42.05:694][  0]LogConfig: Setting CVar [[gc.NumRetriesBeforeForcingGC:10]]
[2019.01.22-14.42.05:694][  0]LogConfig: Setting CVar [[gc.AllowParallelGC:1]]
[2019.01.22-14.42.05:694][  0]LogConfig: Setting CVar [[gc.TimeBetweenPurgingPendingKillObjects:61.1]]
[2019.01.22-14.42.05:694][  0]LogConfig: Setting CVar [[gc.MaxObjectsInEditor:8388607]]
[2019.01.22-14.42.05:694][  0]LogConfig: Setting CVar [[gc.IncrementalBeginDestroyEnabled:1]]
[2019.01.22-14.42.05:695][  0]LogConfig: Setting CVar [[gc.CreateGCClusters:1]]
[2019.01.22-14.42.05:695][  0]LogConfig: Setting CVar [[gc.MergeGCClusters:0]]
[2019.01.22-14.42.05:695][  0]LogConfig: Setting CVar [[gc.MinGCClusterSize:5]]
[2019.01.22-14.42.05:695][  0]LogConfig: Setting CVar [[gc.ActorClusteringEnabled:0]]
[2019.01.22-14.42.05:695][  0]LogConfig: Setting CVar [[gc.BlueprintClusteringEnabled:0]]
[2019.01.22-14.42.05:695][  0]LogConfig: Setting CVar [[gc.UseDisregardForGCOnDedicatedServers:0]]
[2019.01.22-14.42.05:695][  0]LogConfig: Applying CVar settings from Section [/Script/Engine.NetworkSettings] File [C:/Users/Andrea/Desktop/ENSC/Unreal Engine/unreal-engine-programming-quick-start/QuickStart/Saved/Config/Windows/Engine.ini]
[2019.01.22-14.42.05:695][  0]LogConfig: Applying CVar settings from Section [/Script/UnrealEd.CookerSettings] File [C:/Users/Andrea/Desktop/ENSC/Unreal Engine/unreal-engine-programming-quick-start/QuickStart/Saved/Config/Windows/Engine.ini]
[2019.01.22-14.42.05:794][  0]LogConfig: Applying CVar settings from Section [ViewDistanceQuality@3] File [C:/Users/Andrea/Desktop/ENSC/Unreal Engine/unreal-engine-programming-quick-start/QuickStart/Saved/Config/Windows/Scalability.ini]
[2019.01.22-14.42.05:794][  0]LogConfig: Setting CVar [[r.SkeletalMeshLODBias:0]]
[2019.01.22-14.42.05:794][  0]LogConfig: Setting CVar [[r.ViewDistanceScale:1.0]]
[2019.01.22-14.42.05:794][  0]LogConfig: Applying CVar settings from Section [AntiAliasingQuality@3] File [C:/Users/Andrea/Desktop/ENSC/Unreal Engine/unreal-engine-programming-quick-start/QuickStart/Saved/Config/Windows/Scalability.ini]
[2019.01.22-14.42.05:794][  0]LogConfig: Setting CVar [[r.PostProcessAAQuality:4]]
[2019.01.22-14.42.05:795][  0]LogConfig: Applying CVar settings from Section [ShadowQuality@3] File [C:/Users/Andrea/Desktop/ENSC/Unreal Engine/unreal-engine-programming-quick-start/QuickStart/Saved/Config/Windows/Scalability.ini]
[2019.01.22-14.42.05:795][  0]LogConfig: Setting CVar [[r.LightFunctionQuality:1]]
[2019.01.22-14.42.05:795][  0]LogConfig: Setting CVar [[r.ShadowQuality:5]]
[2019.01.22-14.42.05:795][  0]LogConfig: Setting CVar [[r.Shadow.CSM.MaxCascades:10]]
[2019.01.22-14.42.05:795][  0]LogConfig: Setting CVar [[r.Shadow.MaxResolution:2048]]
[2019.01.22-14.42.05:795][  0]LogConfig: Setting CVar [[r.Shadow.MaxCSMResolution:2048]]
[2019.01.22-14.42.05:795][  0]LogConfig: Setting CVar [[r.Shadow.RadiusThreshold:0.01]]
[2019.01.22-14.42.05:795][  0]LogConfig: Setting CVar [[r.Shadow.DistanceScale:1.0]]
[2019.01.22-14.42.05:795][  0]LogConfig: Setting CVar [[r.Shadow.CSM.TransitionScale:1.0]]
[2019.01.22-14.42.05:796][  0]LogConfig: Setting CVar [[r.Shadow.PreShadowResolutionFactor:1.0]]
[2019.01.22-14.42.05:796][  0]LogConfig: Setting CVar [[r.DistanceFieldShadowing:1]]
[2019.01.22-14.42.05:796][  0]LogConfig: Setting CVar [[r.DistanceFieldAO:1]]
[2019.01.22-14.42.05:796][  0]LogConfig: Setting CVar [[r.AOQuality:2]]
[2019.01.22-14.42.05:796][  0]LogConfig: Setting CVar [[r.VolumetricFog:1]]
[2019.01.22-14.42.05:796][  0]LogConfig: Setting CVar [[r.VolumetricFog.GridPixelSize:8]]
[2019.01.22-14.42.05:796][  0]LogConfig: Setting CVar [[r.VolumetricFog.GridSizeZ:128]]
[2019.01.22-14.42.05:796][  0]LogConfig: Setting CVar [[r.VolumetricFog.HistoryMissSupersampleCount:4]]
[2019.01.22-14.42.05:796][  0]LogConfig: Setting CVar [[r.LightMaxDrawDistanceScale:1]]
[2019.01.22-14.42.05:796][  0]LogConfig: Setting CVar [[r.CapsuleShadows:1]]
[2019.01.22-14.42.05:797][  0]LogConfig: Applying CVar settings from Section [PostProcessQuality@3] File [C:/Users/Andrea/Desktop/ENSC/Unreal Engine/unreal-engine-programming-quick-start/QuickStart/Saved/Config/Windows/Scalability.ini]
[2019.01.22-14.42.05:797][  0]LogConfig: Setting CVar [[r.MotionBlurQuality:4]]
[2019.01.22-14.42.05:797][  0]LogConfig: Setting CVar [[r.AmbientOcclusionMipLevelFactor:0.4]]
[2019.01.22-14.42.05:797][  0]LogConfig: Setting CVar [[r.AmbientOcclusionMaxQuality:100]]
[2019.01.22-14.42.05:797][  0]LogConfig: Setting CVar [[r.AmbientOcclusionLevels:-1]]
[2019.01.22-14.42.05:797][  0]LogConfig: Setting CVar [[r.AmbientOcclusionRadiusScale:1.0]]
[2019.01.22-14.42.05:797][  0]LogConfig: Setting CVar [[r.DepthOfFieldQuality:2]]
[2019.01.22-14.42.05:797][  0]LogConfig: Setting CVar [[r.RenderTargetPoolMin:400]]
[2019.01.22-14.42.05:797][  0]LogConfig: Setting CVar [[r.LensFlareQuality:2]]
[2019.01.22-14.42.05:798][  0]LogConfig: Setting CVar [[r.SceneColorFringeQuality:1]]
[2019.01.22-14.42.05:798][  0]LogConfig: Setting CVar [[r.EyeAdaptationQuality:2]]
[2019.01.22-14.42.05:798][  0]LogConfig: Setting CVar [[r.BloomQuality:5]]
[2019.01.22-14.42.05:798][  0]LogConfig: Setting CVar [[r.FastBlurThreshold:100]]
[2019.01.22-14.42.05:798][  0]LogConfig: Setting CVar [[r.Upscale.Quality:3]]
[2019.01.22-14.42.05:798][  0]LogConfig: Setting CVar [[r.Tonemapper.GrainQuantization:1]]
[2019.01.22-14.42.05:798][  0]LogConfig: Setting CVar [[r.LightShaftQuality:1]]
[2019.01.22-14.42.05:798][  0]LogConfig: Setting CVar [[r.Filter.SizeScale:1]]
[2019.01.22-14.42.05:798][  0]LogConfig: Setting CVar [[r.Tonemapper.Quality:5]]
[2019.01.22-14.42.05:798][  0]LogConfig: Setting CVar [[r.DOF.Gather.AccumulatorQuality:1        ; higher gathering accumulator quality]]
[2019.01.22-14.42.05:798][  0]LogConfig: Setting CVar [[r.DOF.Gather.PostfilterMethod:1          ; Median3x3 postfilering method]]
[2019.01.22-14.42.05:799][  0]LogConfig: Setting CVar [[r.DOF.Gather.EnableBokehSettings:0       ; no bokeh simulation when gathering]]
[2019.01.22-14.42.05:799][  0]LogConfig: Setting CVar [[r.DOF.Gather.RingCount:4                 ; medium number of samples when gathering]]
[2019.01.22-14.42.05:799][  0]LogConfig: Setting CVar [[r.DOF.Scatter.ForegroundCompositing:1    ; additive foreground scattering]]
[2019.01.22-14.42.05:799][  0]LogConfig: Setting CVar [[r.DOF.Scatter.BackgroundCompositing:2    ; additive background scattering]]
[2019.01.22-14.42.05:799][  0]LogConfig: Setting CVar [[r.DOF.Scatter.EnableBokehSettings:1      ; bokeh simulation when scattering]]
[2019.01.22-14.42.05:799][  0]LogConfig: Setting CVar [[r.DOF.Scatter.MaxSpriteRatio:0.1         ; only a maximum of 10% of scattered bokeh]]
[2019.01.22-14.42.05:799][  0]LogConfig: Setting CVar [[r.DOF.Recombine.Quality:1                ; cheap slight out of focus]]
[2019.01.22-14.42.05:799][  0]LogConfig: Setting CVar [[r.DOF.Recombine.EnableBokehSettings:0    ; no bokeh simulation on slight out of focus]]
[2019.01.22-14.42.05:799][  0]LogConfig: Setting CVar [[r.DOF.TemporalAAQuality:1                ; more stable temporal accumulation]]
[2019.01.22-14.42.05:799][  0]LogConfig: Setting CVar [[r.DOF.Kernel.MaxForegroundRadius:0.025]]
[2019.01.22-14.42.05:799][  0]LogConfig: Setting CVar [[r.DOF.Kernel.MaxBackgroundRadius:0.025]]
[2019.01.22-14.42.05:799][  0]LogConfig: Applying CVar settings from Section [TextureQuality@3] File [C:/Users/Andrea/Desktop/ENSC/Unreal Engine/unreal-engine-programming-quick-start/QuickStart/Saved/Config/Windows/Scalability.ini]
[2019.01.22-14.42.05:800][  0]LogConfig: Setting CVar [[r.Streaming.MipBias:0]]
[2019.01.22-14.42.05:800][  0]LogConfig: Setting CVar [[r.Streaming.AmortizeCPUToGPUCopy:0]]
[2019.01.22-14.42.05:800][  0]LogConfig: Setting CVar [[r.Streaming.MaxNumTexturesToStreamPerFrame:0]]
[2019.01.22-14.42.05:800][  0]LogConfig: Setting CVar [[r.Streaming.Boost:1]]
[2019.01.22-14.42.05:800][  0]LogConfig: Setting CVar [[r.MaxAnisotropy:8]]
[2019.01.22-14.42.05:800][  0]LogConfig: Setting CVar [[r.Streaming.LimitPoolSizeToVRAM:0]]
[2019.01.22-14.42.05:800][  0]LogConfig: Setting CVar [[r.Streaming.PoolSize:1000]]
[2019.01.22-14.42.05:800][  0]LogConfig: Setting CVar [[r.Streaming.MaxEffectiveScreenSize:0]]
[2019.01.22-14.42.05:800][  0]LogConfig: Applying CVar settings from Section [EffectsQuality@3] File [C:/Users/Andrea/Desktop/ENSC/Unreal Engine/unreal-engine-programming-quick-start/QuickStart/Saved/Config/Windows/Scalability.ini]
[2019.01.22-14.42.05:800][  0]LogConfig: Setting CVar [[r.TranslucencyLightingVolumeDim:64]]
[2019.01.22-14.42.05:800][  0]LogConfig: Setting CVar [[r.RefractionQuality:2]]
[2019.01.22-14.42.05:800][  0]LogConfig: Setting CVar [[r.SSR.Quality:3]]
[2019.01.22-14.42.05:801][  0]LogConfig: Setting CVar [[r.SceneColorFormat:4]]
[2019.01.22-14.42.05:801][  0]LogConfig: Setting CVar [[r.DetailMode:2]]
[2019.01.22-14.42.05:801][  0]LogConfig: Setting CVar [[r.TranslucencyVolumeBlur:1]]
[2019.01.22-14.42.05:801][  0]LogConfig: Setting CVar [[r.MaterialQualityLevel:1 ; High quality]]
[2019.01.22-14.42.05:801][  0]LogConfig: Setting CVar [[r.SSS.Scale:1]]
[2019.01.22-14.42.05:801][  0]LogConfig: Setting CVar [[r.SSS.SampleSet:2]]
[2019.01.22-14.42.05:801][  0]LogConfig: Setting CVar [[r.SSS.Quality:1]]
[2019.01.22-14.42.05:801][  0]LogConfig: Setting CVar [[r.SSS.HalfRes:1]]
[2019.01.22-14.42.05:801][  0]LogConfig: Setting CVar [[r.EmitterSpawnRateScale:1.0]]
[2019.01.22-14.42.05:801][  0]LogConfig: Setting CVar [[r.ParticleLightQuality:2]]
[2019.01.22-14.42.05:801][  0]LogConfig: Applying CVar settings from Section [FoliageQuality@3] File [C:/Users/Andrea/Desktop/ENSC/Unreal Engine/unreal-engine-programming-quick-start/QuickStart/Saved/Config/Windows/Scalability.ini]
[2019.01.22-14.42.05:801][  0]LogConfig: Setting CVar [[foliage.DensityScale:1.0]]
[2019.01.22-14.42.05:801][  0]LogConfig: Setting CVar [[grass.DensityScale:1.0]]
[2019.01.22-14.42.05:804][  0]LogInit: Selected Device Profile: [Windows]
[2019.01.22-14.42.05:805][  0]LogInit: Applying CVar settings loaded from the selected device profile: [Windows]
[2019.01.22-14.42.05:900][  0]LogHAL: Display: Platform has ~ 4 GB [4195418112 / 4294967296 / 4], which maps to Smallest [LargestMinGB=32, LargerMinGB=12, DefaultMinGB=8, SmallerMinGB=6, SmallestMinGB=0)
[2019.01.22-14.42.05:900][  0]LogConfig: Setting CVar [[r.Vulkan.UseRealUBs:1]]
[2019.01.22-14.42.05:901][  0]LogInit: Going up to parent DeviceProfile []
[2019.01.22-14.42.05:901][  0]LogConfig: Applying CVar settings from Section [ViewDistanceQuality@3] File [C:/Users/Andrea/Desktop/ENSC/Unreal Engine/unreal-engine-programming-quick-start/QuickStart/Saved/Config/Windows/Scalability.ini]
[2019.01.22-14.42.05:901][  0]LogConfig: Setting CVar [[r.SkeletalMeshLODBias:0]]
[2019.01.22-14.42.05:901][  0]LogConfig: Setting CVar [[r.ViewDistanceScale:1.0]]
[2019.01.22-14.42.05:901][  0]LogConfig: Applying CVar settings from Section [AntiAliasingQuality@3] File [C:/Users/Andrea/Desktop/ENSC/Unreal Engine/unreal-engine-programming-quick-start/QuickStart/Saved/Config/Windows/Scalability.ini]
[2019.01.22-14.42.05:901][  0]LogConfig: Setting CVar [[r.PostProcessAAQuality:4]]
[2019.01.22-14.42.05:901][  0]LogConfig: Applying CVar settings from Section [ShadowQuality@3] File [C:/Users/Andrea/Desktop/ENSC/Unreal Engine/unreal-engine-programming-quick-start/QuickStart/Saved/Config/Windows/Scalability.ini]
[2019.01.22-14.42.05:901][  0]LogConfig: Setting CVar [[r.LightFunctionQuality:1]]
[2019.01.22-14.42.05:902][  0]LogConfig: Setting CVar [[r.ShadowQuality:5]]
[2019.01.22-14.42.05:902][  0]LogConfig: Setting CVar [[r.Shadow.CSM.MaxCascades:10]]
[2019.01.22-14.42.05:902][  0]LogConfig: Setting CVar [[r.Shadow.MaxResolution:2048]]
[2019.01.22-14.42.05:902][  0]LogConfig: Setting CVar [[r.Shadow.MaxCSMResolution:2048]]
[2019.01.22-14.42.05:902][  0]LogConfig: Setting CVar [[r.Shadow.RadiusThreshold:0.01]]
[2019.01.22-14.42.05:902][  0]LogConfig: Setting CVar [[r.Shadow.DistanceScale:1.0]]
[2019.01.22-14.42.05:902][  0]LogConfig: Setting CVar [[r.Shadow.CSM.TransitionScale:1.0]]
[2019.01.22-14.42.05:902][  0]LogConfig: Setting CVar [[r.Shadow.PreShadowResolutionFactor:1.0]]
[2019.01.22-14.42.05:902][  0]LogConfig: Setting CVar [[r.DistanceFieldShadowing:1]]
[2019.01.22-14.42.05:902][  0]LogConfig: Setting CVar [[r.DistanceFieldAO:1]]
[2019.01.22-14.42.05:902][  0]LogConfig: Setting CVar [[r.AOQuality:2]]
[2019.01.22-14.42.05:903][  0]LogConfig: Setting CVar [[r.VolumetricFog:1]]
[2019.01.22-14.42.05:903][  0]LogConfig: Setting CVar [[r.VolumetricFog.GridPixelSize:8]]
[2019.01.22-14.42.05:903][  0]LogConfig: Setting CVar [[r.VolumetricFog.GridSizeZ:128]]
[2019.01.22-14.42.05:903][  0]LogConfig: Setting CVar [[r.VolumetricFog.HistoryMissSupersampleCount:4]]
[2019.01.22-14.42.05:903][  0]LogConfig: Setting CVar [[r.LightMaxDrawDistanceScale:1]]
[2019.01.22-14.42.05:903][  0]LogConfig: Setting CVar [[r.CapsuleShadows:1]]
[2019.01.22-14.42.05:903][  0]LogConfig: Applying CVar settings from Section [PostProcessQuality@3] File [C:/Users/Andrea/Desktop/ENSC/Unreal Engine/unreal-engine-programming-quick-start/QuickStart/Saved/Config/Windows/Scalability.ini]
[2019.01.22-14.42.05:903][  0]LogConfig: Setting CVar [[r.MotionBlurQuality:4]]
[2019.01.22-14.42.05:903][  0]LogConfig: Setting CVar [[r.AmbientOcclusionMipLevelFactor:0.4]]
[2019.01.22-14.42.05:903][  0]LogConfig: Setting CVar [[r.AmbientOcclusionMaxQuality:100]]
[2019.01.22-14.42.05:903][  0]LogConfig: Setting CVar [[r.AmbientOcclusionLevels:-1]]
[2019.01.22-14.42.05:904][  0]LogConfig: Setting CVar [[r.AmbientOcclusionRadiusScale:1.0]]
[2019.01.22-14.42.05:904][  0]LogConfig: Setting CVar [[r.DepthOfFieldQuality:2]]
[2019.01.22-14.42.05:904][  0]LogConfig: Setting CVar [[r.RenderTargetPoolMin:400]]
[2019.01.22-14.42.05:904][  0]LogConfig: Setting CVar [[r.LensFlareQuality:2]]
[2019.01.22-14.42.05:904][  0]LogConfig: Setting CVar [[r.SceneColorFringeQuality:1]]
[2019.01.22-14.42.05:904][  0]LogConfig: Setting CVar [[r.EyeAdaptationQuality:2]]
[2019.01.22-14.42.05:904][  0]LogConfig: Setting CVar [[r.BloomQuality:5]]
[2019.01.22-14.42.05:904][  0]LogConfig: Setting CVar [[r.FastBlurThreshold:100]]
[2019.01.22-14.42.05:904][  0]LogConfig: Setting CVar [[r.Upscale.Quality:3]]
[2019.01.22-14.42.05:904][  0]LogConfig: Setting CVar [[r.Tonemapper.GrainQuantization:1]]
[2019.01.22-14.42.05:904][  0]LogConfig: Setting CVar [[r.LightShaftQuality:1]]
[2019.01.22-14.42.05:904][  0]LogConfig: Setting CVar [[r.Filter.SizeScale:1]]
[2019.01.22-14.42.05:905][  0]LogConfig: Setting CVar [[r.Tonemapper.Quality:5]]
[2019.01.22-14.42.05:905][  0]LogConfig: Setting CVar [[r.DOF.Gather.AccumulatorQuality:1        ; higher gathering accumulator quality]]
[2019.01.22-14.42.05:905][  0]LogConfig: Setting CVar [[r.DOF.Gather.PostfilterMethod:1          ; Median3x3 postfilering method]]
[2019.01.22-14.42.05:905][  0]LogConfig: Setting CVar [[r.DOF.Gather.EnableBokehSettings:0       ; no bokeh simulation when gathering]]
[2019.01.22-14.42.05:905][  0]LogConfig: Setting CVar [[r.DOF.Gather.RingCount:4                 ; medium number of samples when gathering]]
[2019.01.22-14.42.05:905][  0]LogConfig: Setting CVar [[r.DOF.Scatter.ForegroundCompositing:1    ; additive foreground scattering]]
[2019.01.22-14.42.05:905][  0]LogConfig: Setting CVar [[r.DOF.Scatter.BackgroundCompositing:2    ; additive background scattering]]
[2019.01.22-14.42.05:905][  0]LogConfig: Setting CVar [[r.DOF.Scatter.EnableBokehSettings:1      ; bokeh simulation when scattering]]
[2019.01.22-14.42.05:905][  0]LogConfig: Setting CVar [[r.DOF.Scatter.MaxSpriteRatio:0.1         ; only a maximum of 10% of scattered bokeh]]
[2019.01.22-14.42.05:905][  0]LogConfig: Setting CVar [[r.DOF.Recombine.Quality:1                ; cheap slight out of focus]]
[2019.01.22-14.42.05:905][  0]LogConfig: Setting CVar [[r.DOF.Recombine.EnableBokehSettings:0    ; no bokeh simulation on slight out of focus]]
[2019.01.22-14.42.05:905][  0]LogConfig: Setting CVar [[r.DOF.TemporalAAQuality:1                ; more stable temporal accumulation]]
[2019.01.22-14.42.05:906][  0]LogConfig: Setting CVar [[r.DOF.Kernel.MaxForegroundRadius:0.025]]
[2019.01.22-14.42.05:906][  0]LogConfig: Setting CVar [[r.DOF.Kernel.MaxBackgroundRadius:0.025]]
[2019.01.22-14.42.05:906][  0]LogConfig: Applying CVar settings from Section [TextureQuality@3] File [C:/Users/Andrea/Desktop/ENSC/Unreal Engine/unreal-engine-programming-quick-start/QuickStart/Saved/Config/Windows/Scalability.ini]
[2019.01.22-14.42.05:906][  0]LogConfig: Setting CVar [[r.Streaming.MipBias:0]]
[2019.01.22-14.42.05:906][  0]LogConfig: Setting CVar [[r.Streaming.AmortizeCPUToGPUCopy:0]]
[2019.01.22-14.42.05:906][  0]LogConfig: Setting CVar [[r.Streaming.MaxNumTexturesToStreamPerFrame:0]]
[2019.01.22-14.42.05:906][  0]LogConfig: Setting CVar [[r.Streaming.Boost:1]]
[2019.01.22-14.42.05:906][  0]LogConfig: Setting CVar [[r.MaxAnisotropy:8]]
[2019.01.22-14.42.05:906][  0]LogConfig: Setting CVar [[r.Streaming.LimitPoolSizeToVRAM:0]]
[2019.01.22-14.42.05:906][  0]LogConfig: Setting CVar [[r.Streaming.PoolSize:1000]]
[2019.01.22-14.42.05:906][  0]LogConfig: Setting CVar [[r.Streaming.MaxEffectiveScreenSize:0]]
[2019.01.22-14.42.05:907][  0]LogConfig: Applying CVar settings from Section [EffectsQuality@3] File [C:/Users/Andrea/Desktop/ENSC/Unreal Engine/unreal-engine-programming-quick-start/QuickStart/Saved/Config/Windows/Scalability.ini]
[2019.01.22-14.42.05:907][  0]LogConfig: Setting CVar [[r.TranslucencyLightingVolumeDim:64]]
[2019.01.22-14.42.05:907][  0]LogConfig: Setting CVar [[r.RefractionQuality:2]]
[2019.01.22-14.42.05:907][  0]LogConfig: Setting CVar [[r.SSR.Quality:3]]
[2019.01.22-14.42.05:907][  0]LogConfig: Setting CVar [[r.SceneColorFormat:4]]
[2019.01.22-14.42.05:907][  0]LogConfig: Setting CVar [[r.DetailMode:2]]
[2019.01.22-14.42.05:907][  0]LogConfig: Setting CVar [[r.TranslucencyVolumeBlur:1]]
[2019.01.22-14.42.05:907][  0]LogConfig: Setting CVar [[r.MaterialQualityLevel:1 ; High quality]]
[2019.01.22-14.42.05:907][  0]LogConfig: Setting CVar [[r.SSS.Scale:1]]
[2019.01.22-14.42.05:907][  0]LogConfig: Setting CVar [[r.SSS.SampleSet:2]]
[2019.01.22-14.42.05:908][  0]LogConfig: Setting CVar [[r.SSS.Quality:1]]
[2019.01.22-14.42.05:908][  0]LogConfig: Setting CVar [[r.SSS.HalfRes:1]]
[2019.01.22-14.42.05:908][  0]LogConfig: Setting CVar [[r.EmitterSpawnRateScale:1.0]]
[2019.01.22-14.42.05:908][  0]LogConfig: Setting CVar [[r.ParticleLightQuality:2]]
[2019.01.22-14.42.05:908][  0]LogConfig: Applying CVar settings from Section [FoliageQuality@3] File [C:/Users/Andrea/Desktop/ENSC/Unreal Engine/unreal-engine-programming-quick-start/QuickStart/Saved/Config/Windows/Scalability.ini]
[2019.01.22-14.42.05:908][  0]LogConfig: Setting CVar [[foliage.DensityScale:1.0]]
[2019.01.22-14.42.05:908][  0]LogConfig: Setting CVar [[grass.DensityScale:1.0]]
[2019.01.22-14.42.05:909][  0]LogConfig: Applying CVar settings from Section [Startup] File [../../../Engine/Config/ConsoleVariables.ini]
[2019.01.22-14.42.05:912][  0]LogConfig: Setting CVar [[net.UseAdaptiveNetUpdateFrequency:0]]
[2019.01.22-14.42.05:912][  0]LogConfig: Applying CVar settings from Section [ConsoleVariables] File [C:/Users/Andrea/Desktop/ENSC/Unreal Engine/unreal-engine-programming-quick-start/QuickStart/Saved/Config/Windows/Engine.ini]
[2019.01.22-14.42.05:914][  0]LogInit: Computer: SURFACE-DEDERS
[2019.01.22-14.42.05:914][  0]LogInit: User: Andrea
[2019.01.22-14.42.05:914][  0]LogInit: CPU Page size=4096, Cores=2
[2019.01.22-14.42.05:914][  0]LogInit: High frequency timer resolution =2.435770 MHz
[2019.01.22-14.42.05:917][  0]LogMemory: Memory total: Physical=3.9GB (4GB approx)
[2019.01.22-14.42.05:917][  0]LogMemory: Platform Memory Stats for Windows
[2019.01.22-14.42.05:917][  0]LogMemory: Process Physical Memory: 102.58 MB used, 102.58 MB peak
[2019.01.22-14.42.05:917][  0]LogMemory: Process Virtual Memory: 92.65 MB used, 92.65 MB peak
[2019.01.22-14.42.05:917][  0]LogMemory: Physical Memory: 3505.31 MB used,  495.75 MB free, 4001.06 MB total
[2019.01.22-14.42.05:918][  0]LogMemory: Virtual Memory: 4622.62 MB used,  134213104.00 MB free, 134217728.00 MB total
[2019.01.22-14.42.06:309][  0]LogInit: Using OS detected language (fr-FR).
[2019.01.22-14.42.06:310][  0]LogInit: Using OS detected locale (fr-FR).
[2019.01.22-14.42.06:331][  0]LogTextLocalizationManager: No specific localization for 'fr-FR' exists, so the 'fr' localization will be used.
[2019.01.22-14.42.06:368][  0]LogStreaming: Display: Took  0.060s to InitEngineTextLocalization.
[2019.01.22-14.42.06:369][  0]LogInit: Setting process to per monitor DPI aware
[2019.01.22-14.42.06:720][  0]LogSlate: New Slate User Created.  User Index 0, Is Virtual User: 0
[2019.01.22-14.42.06:720][  0]LogSlate: Slate User Registered.  User Index 0, Is Virtual User: 0
[2019.01.22-14.42.10:463][  0]LogHMD: Failed to initialize OpenVR with code 110
[2019.01.22-14.42.10:463][  0]LogD3D11RHI: D3D11 adapters:
[2019.01.22-14.42.10:764][  0]LogD3D11RHI:    0. 'Intel(R) HD Graphics Family' (Feature Level 11_0)
[2019.01.22-14.42.10:764][  0]LogD3D11RHI:       112/0/2000 MB DedicatedVideo/DedicatedSystem/SharedSystem, Outputs:1, VendorId:0x8086
[2019.01.22-14.42.10:795][  0]LogD3D11RHI:    1. 'Microsoft Basic Render Driver' (Feature Level 11_0)
[2019.01.22-14.42.10:795][  0]LogD3D11RHI:       0/0/2000 MB DedicatedVideo/DedicatedSystem/SharedSystem, Outputs:0, VendorId:0x1414
[2019.01.22-14.42.10:795][  0]LogD3D11RHI: Chosen D3D11 Adapter: 0
[2019.01.22-14.42.10:872][  0]LogD3D11RHI: Creating new Direct3DDevice
[2019.01.22-14.42.10:873][  0]LogD3D11RHI:     GPU DeviceId: 0xa16 (for the marketing name, search the web for "GPU Device Id")
[2019.01.22-14.42.10:873][  0]LogWindows: EnumDisplayDevices:
[2019.01.22-14.42.10:874][  0]LogWindows:    0. 'Intel(R) HD Graphics Family' (P:1 D:1)
[2019.01.22-14.42.10:878][  0]LogWindows:    1. 'Intel(R) HD Graphics Family' (P:0 D:0)
[2019.01.22-14.42.10:880][  0]LogWindows:    2. 'Intel(R) HD Graphics Family' (P:0 D:0)
[2019.01.22-14.42.10:883][  0]LogWindows: DebugString: FoundDriverCount:3 
[2019.01.22-14.42.10:883][  0]LogD3D11RHI:     Adapter Name: Intel(R) HD Graphics Family
[2019.01.22-14.42.10:883][  0]LogD3D11RHI:   Driver Version: 20.19.15.4568 (internal:20.19.15.4568, unified:20.19.15.4568)
[2019.01.22-14.42.10:883][  0]LogD3D11RHI:      Driver Date: 12-16-2016
[2019.01.22-14.42.10:883][  0]LogRHI: Texture pool is 778 MB (70% of 1112 MB)
[2019.01.22-14.42.11:086][  0]LogD3D11RHI: [IntelMetricsDiscovery] Started
[2019.01.22-14.42.11:087][  0]LogD3D11RHI: Async texture creation enabled
[2019.01.22-14.42.11:311][  0]LogD3D11RHI: GPU Timing Frequency: 12.500000 (Debug: 2 0)
[2019.01.22-14.48.11:394][  0]LogTemp: Display: Loaded TP AllDesktopTargetPlatform
[2019.01.22-14.48.11:604][  0]LogTemp: Display: Loaded TP MacClientTargetPlatform
[2019.01.22-14.48.11:884][  0]LogTemp: Display: Loaded TP MacNoEditorTargetPlatform
[2019.01.22-14.48.12:121][  0]LogTemp: Display: Loaded TP MacServerTargetPlatform
[2019.01.22-14.48.12:427][  0]LogTemp: Display: Loaded TP MacTargetPlatform
[2019.01.22-14.48.12:742][  0]LogTemp: Display: Loaded TP WindowsClientTargetPlatform
[2019.01.22-14.48.12:952][  0]LogTemp: Display: Loaded TP WindowsNoEditorTargetPlatform
[2019.01.22-14.48.13:129][  0]LogTemp: Display: Loaded TP WindowsServerTargetPlatform
[2019.01.22-14.48.13:229][  0]LogTemp: Display: Loaded TP WindowsTargetPlatform
[2019.01.22-14.48.14:229][  0]LogTemp: Display: Loaded TP AndroidTargetPlatform
[2019.01.22-14.48.14:229][  0]LogTemp: Display: Loaded TP AndroidTargetPlatform
[2019.01.22-14.48.14:230][  0]LogTemp: Display: Loaded TP AndroidTargetPlatform
[2019.01.22-14.48.14:230][  0]LogTemp: Display: Loaded TP AndroidTargetPlatform
[2019.01.22-14.48.14:230][  0]LogTemp: Display: Loaded TP AndroidTargetPlatform
[2019.01.22-14.48.14:230][  0]LogTemp: Display: Loaded TP AndroidTargetPlatform
[2019.01.22-14.48.14:230][  0]LogTemp: Display: Loaded TP AndroidTargetPlatform
[2019.01.22-14.48.14:230][  0]LogTemp: Display: Loaded TP AndroidTargetPlatform
[2019.01.22-14.48.14:230][  0]LogTemp: Display: Loaded TP AndroidTargetPlatform
[2019.01.22-14.48.14:230][  0]LogTemp: Display: Loaded TP AndroidTargetPlatform
[2019.01.22-14.48.14:231][  0]LogTemp: Display: Loaded TP AndroidTargetPlatform
[2019.01.22-14.48.14:232][  0]LogTemp: Display: Loaded TP AndroidTargetPlatform
[2019.01.22-14.48.14:232][  0]LogTemp: Display: Loaded TP AndroidTargetPlatform
[2019.01.22-14.48.14:232][  0]LogTemp: Display: Loaded TP AndroidTargetPlatform
[2019.01.22-14.48.14:232][  0]LogTemp: Display: Loaded TP AndroidTargetPlatform
[2019.01.22-14.48.14:233][  0]LogTemp: Display: Loaded TP AndroidTargetPlatform
[2019.01.22-14.48.14:233][  0]LogTemp: Display: Loaded TP AndroidTargetPlatform
[2019.01.22-14.48.14:233][  0]LogTemp: Display: Loaded TP AndroidTargetPlatform
[2019.01.22-14.48.14:280][  0]LogTemp: Display: Loaded TP HTML5TargetPlatform
[2019.01.22-14.48.15:368][  0]LogTemp: Display: Loaded TP IOSTargetPlatform
[2019.01.22-14.48.15:369][  0]LogTemp: Display: Loaded TP IOSTargetPlatform
[2019.01.22-14.48.15:727][  0]LogTemp: Display: Loaded TP TVOSTargetPlatform
[2019.01.22-14.48.15:727][  0]LogTemp: Display: Loaded TP TVOSTargetPlatform
[2019.01.22-14.48.15:897][  0]LogTemp: Display: Loaded TP LinuxClientTargetPlatform
[2019.01.22-14.48.16:062][  0]LogTemp: Display: Loaded TP LinuxNoEditorTargetPlatform
[2019.01.22-14.48.16:240][  0]LogTemp: Display: Loaded TP LinuxServerTargetPlatform
[2019.01.22-14.48.16:447][  0]LogTemp: Display: Loaded TP LinuxTargetPlatform
[2019.01.22-14.48.17:114][  0]LogTemp: Display: Loaded TP LuminTargetPlatform
[2019.01.22-14.48.17:114][  0]LogTemp: Display: Loaded TP LuminTargetPlatform
[2019.01.22-14.48.17:114][  0]LogTargetPlatformManager: Display: Building Assets For Windows
[2019.01.22-14.48.18:971][  0]LogShaderCompilers: Guid format shader working directory is -60 characters bigger than the processId version (../../../../../../Users/Andrea/Desktop/ENSC/Unreal Engine/unreal-engine-programming-quick-start/QuickStart/Intermediate/Shaders/WorkingDirectory/16644/).
[2019.01.22-14.48.18:973][  0]LogShaderCompilers: Cleaned the shader compiler working directory 'C:/Users/Andrea/AppData/Local/Temp/UnrealShaderWorkingDir/03D4EED947D3D7C174B77BB35EC75D99/'.
[2019.01.22-14.48.19:017][  0]LogXGEController: Cannot use XGE Controller as Incredibuild is not installed on this machine.
[2019.01.22-14.48.19:018][  0]LogShaderCompilers: Cannot use XGE Shader Compiler as Incredibuild is not installed on this machine.
[2019.01.22-14.48.19:020][  0]LogShaderCompilers: Display: Using Local Shader Compiler.
[2019.01.22-14.48.27:498][  0]LogDerivedDataCache: Display: Max Cache Size: 512 MB
[2019.01.22-14.48.31:187][  0]LogDerivedDataCache: Loaded boot cache 3.68s 71MB C:/Users/Andrea/AppData/Local/UnrealEngine/4.21/DerivedDataCache/Boot.ddc.
[2019.01.22-14.48.31:187][  0]LogDerivedDataCache: Display: Loaded Boot cache: C:/Users/Andrea/AppData/Local/UnrealEngine/4.21/DerivedDataCache/Boot.ddc
[2019.01.22-14.48.31:188][  0]LogDerivedDataCache: FDerivedDataBackendGraph:  Pak pak cache file ../../../../../../Users/Andrea/Desktop/ENSC/Unreal Engine/unreal-engine-programming-quick-start/QuickStart/DerivedDataCache/DDC.ddp not found, will not use a pak cache.
[2019.01.22-14.48.31:188][  0]LogDerivedDataCache: Unable to find inner node Pak for hierarchical cache Hierarchy.
[2019.01.22-14.48.31:189][  0]LogDerivedDataCache: FDerivedDataBackendGraph:  CompressedPak pak cache file ../../../../../../Users/Andrea/Desktop/ENSC/Unreal Engine/unreal-engine-programming-quick-start/QuickStart/DerivedDataCache/Compressed.ddp not found, will not use a pak cache.
[2019.01.22-14.48.31:189][  0]LogDerivedDataCache: Unable to find inner node CompressedPak for hierarchical cache Hierarchy.
[2019.01.22-14.48.31:317][  0]LogDerivedDataCache: Display: Pak cache opened for reading ../../../Engine/DerivedDataCache/Compressed.ddp.
[2019.01.22-14.48.31:317][  0]LogDerivedDataCache: FDerivedDataBackendGraph:  EnterprisePak pak cache file ../../../Enterprise/DerivedDataCache/Compressed.ddp not found, will not use a pak cache.
[2019.01.22-14.48.31:317][  0]LogDerivedDataCache: Unable to find inner node EnterprisePak for hierarchical cache Hierarchy.
[2019.01.22-14.48.31:602][  0]LogDerivedDataCache: Using Local data cache path C:/Users/Andrea/AppData/Local/UnrealEngine/Common/DerivedDataCache: Writable
[2019.01.22-14.48.31:602][  0]LogDerivedDataCache: Shared data cache path not found in *engine.ini, will not use an Shared cache.
[2019.01.22-14.48.31:602][  0]LogDerivedDataCache: Unable to find inner node Shared for hierarchical cache Hierarchy.
[2019.01.22-14.48.32:856][  0]LogMaterial: Verifying Global Shaders for PCD3D_SM5
[2019.01.22-14.48.32:905][  0]LogSlate: Using FreeType 2.6.0
[2019.01.22-14.48.32:938][  0]LogSlate: SlateFontServices - WITH_FREETYPE: 1, WITH_HARFBUZZ: 1
[2019.01.22-14.48.41:712][  0]LogAssetRegistry: FAssetRegistry took 0.7436 seconds to start up
[2019.01.22-14.48.46:440][  0]LogInit: Selected Device Profile: [Windows]
[2019.01.22-14.48.49:166][  0]LogSimplygon: Simplygon DLL not present - disabling.
[2019.01.22-14.48.49:270][  0]LogMeshReduction: Using SimplygonSwarm for distributed automatic mesh merging
[2019.01.22-14.48.49:272][  0]LogMeshReduction: Using ProxyLODMeshReduction for automatic mesh merging
[2019.01.22-14.48.49:274][  0]LogMeshReduction: Using QuadricMeshReduction for automatic static mesh reduction
[2019.01.22-14.48.49:274][  0]LogMeshReduction: No automatic skeletal mesh reduction module available
[2019.01.22-14.48.49:540][  0]LogNetVersion: QuickStart 1.0.0, NetCL: 4541578, EngineNetVer: 5, GameNetVer: 0 (Checksum: 1514832831)
[2019.01.22-14.49.02:090][  0]LogPackageLocalizationCache: Processed 11 localized package path(s) for 2 prioritized culture(s) in 2.020822 seconds
[2019.01.22-14.49.02:185][  0]LogUObjectArray: 39775 objects as part of root set at end of initial load.
[2019.01.22-14.49.02:185][  0]LogUObjectAllocator: 6914664 out of 0 bytes used by permanent object pool.
[2019.01.22-14.49.02:186][  0]LogUObjectArray: CloseDisregardForGC: 0/0 objects in disregard for GC pool
[2019.01.22-14.49.23:506][  0]LogTcpMessaging: Initializing TcpMessaging bridge
[2019.01.22-14.49.24:034][  0]LogUdpMessaging: Initializing bridge on interface 0.0.0.0:0 to multicast group 230.0.0.1:6666.
[2019.01.22-14.49.36:071][  0]SourceControl: Source control is disabled
[2019.01.22-14.49.36:074][  0]SourceControl: Source control is disabled
[2019.01.22-14.49.36:117][  0]SourceControl: Source control is disabled
[2019.01.22-14.49.36:140][  0]SourceControl: Source control is disabled
[2019.01.22-14.49.43:285][  0]LogAndroidPermission: UAndroidPermissionCallbackProxy::GetInstance
[2019.01.22-14.49.47:491][  0]LogOcInput: OculusInput pre-init called
[2019.01.22-14.49.49:596][  0]LogEngine: Initializing Engine...
[2019.01.22-14.49.49:618][  0]LogHMD: Failed to initialize OpenVR with code 110
[2019.01.22-14.49.49:643][  0]LogStats: UGameplayTagsManager::ConstructGameplayTagTree: ImportINI prefixes -  0.001 s
[2019.01.22-14.49.49:643][  0]LogStats: UGameplayTagsManager::ConstructGameplayTagTree: Construct from data asset -  0.000 s
[2019.01.22-14.49.49:648][  0]LogStats: UGameplayTagsManager::ConstructGameplayTagTree: ImportINI -  0.004 s
[2019.01.22-14.49.49:648][  0]LogStats: UGameplayTagsManager::ConstructGameplayTagTree: GameplayTagTreeChangedEvent.Broadcast -  0.000 s
[2019.01.22-14.49.54:718][  0]LogInit: Initializing FReadOnlyCVARCache
[2019.01.22-14.49.55:239][  0]LogAIModule: Creating AISystem for world Untitled
[2019.01.22-14.50.00:047][  0]LogInit: XAudio2 using 'Haut-parleurs (Realtek High Definition Audio)' : 2 channels at 48 kHz using 32 bits per sample (channel mask 0x3)
[2019.01.22-14.50.21:252][  0]LogInit: FAudioDevice initialized.
[2019.01.22-14.50.21:266][  0]LogNetVersion: Set ProjectVersion to 1.0.0.0. Version Checksum will be recalculated on next use.
[2019.01.22-14.50.26:116][  0]LogDerivedDataCache: Saved boot cache 4.85s 71MB C:/Users/Andrea/AppData/Local/UnrealEngine/4.21/DerivedDataCache/Boot.ddc.
[2019.01.22-14.50.26:606][  0]LogInit: Texture streaming: Enabled
[2019.01.22-14.50.28:098][  0]LogEngineSessionManager: EngineSessionManager initialized
[2019.01.22-14.50.28:101][  0]LogEngineSessionManager: EngineSessionManager sent abnormal shutdown report. Type=Crashed, SessionId={A8508079-42AD-FF26-2234-7FAA8A6B4321}
[2019.01.22-14.50.28:379][  0]LogInit: Transaction tracking system initialized
[2019.01.22-14.50.29:043][  0]BlueprintLog: New page: Editor Load
[2019.01.22-14.50.31:380][  0]LocalizationService: Localization service is disabled
[2019.01.22-14.50.51:314][  0]LogFileCache: Scanning file cache for directory 'C:/Users/Andrea/Desktop/ENSC/Unreal Engine/unreal-engine-programming-quick-start/QuickStart/Content/' took 1.28s
[2019.01.22-14.50.51:315][  0]LogCook: Display: Max memory allowance for cook 16384mb min free memory 0mb
[2019.01.22-14.50.51:321][  0]LogCook: Display: Mobile HDR setting 1
[2019.01.22-14.50.51:324][  0]LogGameplayTags: Display: UGameplayTagsManager::DoneAddingNativeTags. DelegateIsBound: 0
[2019.01.22-14.50.51:326][  0]LogStats: UGameplayTagsManager::ConstructGameplayTagTree: ImportINI prefixes -  0.000 s
[2019.01.22-14.50.51:326][  0]LogStats: UGameplayTagsManager::ConstructGameplayTagTree: Construct from data asset -  0.000 s
[2019.01.22-14.50.51:327][  0]LogStats: UGameplayTagsManager::ConstructGameplayTagTree: ImportINI -  0.001 s
[2019.01.22-14.50.51:327][  0]LogStats: UGameplayTagsManager::ConstructGameplayTagTree: GameplayTagTreeChangedEvent.Broadcast -  0.000 s
[2019.01.22-14.50.56:232][  0]SourceControl: Source control is disabled
[2019.01.22-14.50.56:255][  0]LightingResults: New page: Lighting Build
[2019.01.22-14.50.56:470][  0]MapCheck: New page: Map Check
[2019.01.22-14.50.56:472][  0]LightingResults: New page: Lighting Build
[2019.01.22-14.51.16:580][  0]LogAIModule: Creating AISystem for world Minimal_Default
[2019.01.22-14.51.17:314][  0]LogEditorServer: Finished looking for orphan Actors (0.001 secs)
[2019.01.22-14.51.38:629][  0]Cmd: MAP CHECKDEP NOCLEARLOG
[2019.01.22-14.51.38:633][  0]MapCheck: Map check complete: 0 Error(s), 0 Warning(s), took 2,572ms to complete.
[2019.01.22-14.51.38:634][  0]LogFileHelpers: Loading map 'Minimal_Default' took 42.400
[2019.01.22-14.51.41:467][  0]LogSlate: Updating window title bar state: overlay mode, drag disabled, window buttons hidden, title bar hidden
[2019.01.22-14.51.41:540][  0]LogSlate: Updating window title bar state: overlay mode, drag disabled, window buttons hidden, title bar hidden
[2019.01.22-14.51.41:608][  0]LogSlate: Updating window title bar state: overlay mode, drag disabled, window buttons hidden, title bar hidden
[2019.01.22-14.51.41:676][  0]LogSlate: Updating window title bar state: overlay mode, drag disabled, window buttons hidden, title bar hidden
[2019.01.22-14.51.41:799][  0]LogCollectionManager: Loaded 0 collections in 0.031410 seconds
[2019.01.22-14.51.42:277][  0]LogFileCache: Scanning file cache for directory 'C:/Users/Andrea/Desktop/ENSC/Unreal Engine/unreal-engine-programming-quick-start/QuickStart/Saved/Collections/' took 0.13s
[2019.01.22-14.51.42:277][  0]LogFileCache: Scanning file cache for directory 'C:/Users/Andrea/Desktop/ENSC/Unreal Engine/unreal-engine-programming-quick-start/QuickStart/Content/Developers/Andrea/Collections/' took 0.08s
[2019.01.22-14.51.42:278][  0]LogFileCache: Scanning file cache for directory 'C:/Users/Andrea/Desktop/ENSC/Unreal Engine/unreal-engine-programming-quick-start/QuickStart/Content/Collections/' took 0.12s
[2019.01.22-14.51.42:278][  0]LogCollectionManager: Rebuilt the GUID cache for 0 collections in 0.000001 seconds
[2019.01.22-14.51.42:409][  0]LogContentBrowser: Native class hierarchy populated in 0.1242 seconds. Added 2652 classes and 622 folders.
[2019.01.22-14.51.42:520][  0]LogContentBrowser: Native class hierarchy updated for 'WidgetCarousel' in 0.0045 seconds. Added 0 classes and 0 folders.
[2019.01.22-14.51.42:566][  0]LogPakFile: Registered encryption key '00000000000000000000000000000000': 0 pak files mounted, 0 remain pending
[2019.01.22-14.51.42:586][  0]LogPakFile: Registered encryption key '00000000000000000000000000000000': 0 pak files mounted, 0 remain pending
[2019.01.22-14.51.42:604][  0]LogPakFile: Registered encryption key '00000000000000000000000000000000': 0 pak files mounted, 0 remain pending
[2019.01.22-14.51.42:613][  0]LogPakFile: Registered encryption key '00000000000000000000000000000000': 0 pak files mounted, 0 remain pending
[2019.01.22-14.51.42:622][  0]LogPakFile: Registered encryption key '00000000000000000000000000000000': 0 pak files mounted, 0 remain pending
[2019.01.22-14.51.42:632][  0]LogPakFile: Registered encryption key '00000000000000000000000000000000': 0 pak files mounted, 0 remain pending
[2019.01.22-14.51.42:642][  0]LogPakFile: Registered encryption key '00000000000000000000000000000000': 0 pak files mounted, 0 remain pending
[2019.01.22-14.51.42:652][  0]LogPakFile: Registered encryption key '00000000000000000000000000000000': 0 pak files mounted, 0 remain pending
[2019.01.22-14.51.42:661][  0]LogPakFile: Registered encryption key '00000000000000000000000000000000': 0 pak files mounted, 0 remain pending
[2019.01.22-14.51.42:671][  0]LogPakFile: Registered encryption key '00000000000000000000000000000000': 0 pak files mounted, 0 remain pending
[2019.01.22-14.51.42:684][  0]LogPakFile: Registered encryption key '00000000000000000000000000000000': 0 pak files mounted, 0 remain pending
[2019.01.22-14.51.42:695][  0]LogPakFile: Registered encryption key '00000000000000000000000000000000': 0 pak files mounted, 0 remain pending
[2019.01.22-14.51.42:705][  0]LogPakFile: Registered encryption key '00000000000000000000000000000000': 0 pak files mounted, 0 remain pending
[2019.01.22-14.51.42:716][  0]LogPakFile: Registered encryption key '00000000000000000000000000000000': 0 pak files mounted, 0 remain pending
[2019.01.22-14.51.42:726][  0]LogPakFile: Registered encryption key '00000000000000000000000000000000': 0 pak files mounted, 0 remain pending
[2019.01.22-14.51.42:735][  0]LogPakFile: Registered encryption key '00000000000000000000000000000000': 0 pak files mounted, 0 remain pending
[2019.01.22-14.51.42:745][  0]LogPakFile: Registered encryption key '00000000000000000000000000000000': 0 pak files mounted, 0 remain pending
[2019.01.22-14.51.42:754][  0]LogPakFile: Registered encryption key '00000000000000000000000000000000': 0 pak files mounted, 0 remain pending
[2019.01.22-14.51.42:765][  0]LogPakFile: Registered encryption key '00000000000000000000000000000000': 0 pak files mounted, 0 remain pending
[2019.01.22-14.51.42:776][  0]LogPakFile: Registered encryption key '00000000000000000000000000000000': 0 pak files mounted, 0 remain pending
[2019.01.22-14.51.42:785][  0]LogPakFile: Registered encryption key '00000000000000000000000000000000': 0 pak files mounted, 0 remain pending
[2019.01.22-14.51.42:795][  0]LogPakFile: Registered encryption key '00000000000000000000000000000000': 0 pak files mounted, 0 remain pending
[2019.01.22-14.51.42:804][  0]LogPakFile: Registered encryption key '00000000000000000000000000000000': 0 pak files mounted, 0 remain pending
[2019.01.22-14.51.42:815][  0]LogPakFile: Registered encryption key '00000000000000000000000000000000': 0 pak files mounted, 0 remain pending
[2019.01.22-14.51.42:893][  0]LogPakFile: Registered encryption key '00000000000000000000000000000000': 0 pak files mounted, 0 remain pending
[2019.01.22-14.51.42:902][  0]LogPakFile: Registered encryption key '00000000000000000000000000000000': 0 pak files mounted, 0 remain pending
[2019.01.22-14.51.43:967][  0]LogContentBrowser: Native class hierarchy updated for 'AddContentDialog' in 0.0037 seconds. Added 0 classes and 0 folders.
[2019.01.22-14.51.44:042][  0]LogContentBrowser: Native class hierarchy updated for 'SceneOutliner' in 0.0078 seconds. Added 1 classes and 2 folders.
[2019.01.22-14.51.44:365][  0]LogSlate: Took 0.009459 seconds to synchronously load lazily loaded font '../../../Engine/Content/Slate/Fonts/Roboto-Regular.ttf' (155K)
[2019.01.22-14.51.44:394][  0]LogSlate: Took 0.011236 seconds to synchronously load lazily loaded font '../../../Engine/Content/Slate/Fonts/Roboto-Bold.ttf' (160K)
[2019.01.22-14.51.44:453][  0]LogSlate: Took 0.004116 seconds to synchronously load lazily loaded font '../../../Engine/Content/Editor/Slate/Fonts/FontAwesome.ttf' (139K)
[2019.01.22-14.51.45:426][  0]LogRenderer: Reallocating scene render targets to support 904x540 Format 10 NumSamples 1 (Frame:1).
[2019.01.22-14.52.47:712][  0]LogContentBrowser: Native class hierarchy updated for 'HierarchicalLODOutliner' in 0.0079 seconds. Added 0 classes and 0 folders.
[2019.01.22-14.52.47:712][  0]LogLoad: (Engine Initialization) Total time: 706.61 seconds
[2019.01.22-14.52.47:712][  0]LogLoad: (Engine Initialization) Total Blueprint compile time: 0.00 seconds
[2019.01.22-14.53.52:614][  0]LogContentStreaming: Texture pool size now 1000 MB
[2019.01.22-14.55.06:670][  1]LogD3D11RHI: Error: Direct3DDevice->CreateBuffer(&Desc, NULL, UniformBufferResource.GetInitReference()) failed 
 at D:\Build\++UE4\Sync\Engine\Source\Runtime\Windows\D3D11RHI\Private\D3D11UniformBuffer.cpp:159 
 with error DXGI_ERROR_DEVICE_REMOVED DXGI_ERROR_DEVICE_HUNG
[2019.01.22-14.55.06:672][  1]LogD3D11RHI: [Aftermath] GDynamicRHI=000002139EE00140, GDX11NVAfterMathEnabled=0, Result=0xFFFFFFFF, bDeviceActive=0
[2019.01.22-14.55.06:672][  1]LogWindows: Windows GetLastError: L’opération a réussi. (0)
[2019.01.22-14.56.09:374][  3]LogOutputDevice: Warning: 

Script Stack (0 frames):

[2019.01.22-14.56.09:374][  3]LogWindows: Windows GetLastError: L’opération a réussi. (0)
[2019.01.22-14.57.26:800][  3]LogWindows: Error: === Critical error: ===
[2019.01.22-14.57.26:800][  3]LogWindows: Error: 
[2019.01.22-14.57.26:800][  3]LogWindows: Error: Fatal error: [File:D:\Build\++UE4\Sync\Engine\Source\Runtime\RenderCore\Private\RenderingThread.cpp] [Line: 826] 
[2019.01.22-14.57.26:801][  3]LogWindows: Error: Rendering thread exception:
[2019.01.22-14.57.26:801][  3]LogWindows: Error: Fatal error: [File:D:\Build\++UE4\Sync\Engine\Source\Runtime\Windows\D3D11RHI\Private\D3D11Util.cpp] [Line: 200] 
[2019.01.22-14.57.26:801][  3]LogWindows: Error: Unreal Engine is exiting due to D3D device being lost. (Error: 0x887A0006 - 'HUNG')
[2019.01.22-14.57.26:801][  3]LogWindows: Error: 
[2019.01.22-14.57.26:801][  3]LogWindows: Error: 
[2019.01.22-14.57.26:802][  3]LogWindows: Error: 
[2019.01.22-14.57.26:802][  3]LogWindows: Error: 
[2019.01.22-14.57.26:802][  3]LogWindows: Error: 
[2019.01.22-14.57.26:802][  3]LogWindows: Error: 
[2019.01.22-14.58.05:713][  3]LogExit: Executing StaticShutdownAfterError
[2019.01.22-14.58.46:110][  3]LogWindows: FPlatformMisc::RequestExit(1)
[2019.01.22-14.59.00:338][  3]Log file closed, 01/22/19 15:59:00
